This is pdfTeX, Version 3.1415926-2.4-1.40.13 (TeX Live 2012/Debian) (format=latex 2012.10.26)  15 APR 2013 16:50
entering extended mode
 restricted \write18 enabled.
 %&-line parsing enabled.
**petes_thesis
(./petes_thesis.tex
LaTeX2e <2011/06/27>
Babel <v3.8m> and hyphenation patterns for english, dumylang, nohyphenation, lo
aded.
(./sty/ut-thesis.cls

LaTeX Warning: You have requested document class `sty/ut-thesis',
               but the document class provides `ut-thesis'.

Document Class: ut-thesis 1999/12/10 v1.8 LaTeX2e document class
(/usr/share/texlive/texmf-dist/tex/latex/base/report.cls
Document Class: report 2007/10/19 v1.4h Standard LaTeX document class
(/usr/share/texlive/texmf-dist/tex/latex/base/size12.clo
File: size12.clo 2007/10/19 v1.4h Standard LaTeX file (size option)
)
\c@part=\count79
\c@chapter=\count80
\c@section=\count81
\c@subsection=\count82
\c@subsubsection=\count83
\c@paragraph=\count84
\c@subparagraph=\count85
\c@figure=\count86
\c@table=\count87
\abovecaptionskip=\skip41
\belowcaptionskip=\skip42
\bibindent=\dimen102
))
(/usr/share/texlive/texmf-dist/tex/latex/fancyhdr/fancyhdr.sty
\fancy@headwidth=\skip43
\f@ncyO@elh=\skip44
\f@ncyO@erh=\skip45
\f@ncyO@olh=\skip46
\f@ncyO@orh=\skip47
\f@ncyO@elf=\skip48
\f@ncyO@erf=\skip49
\f@ncyO@olf=\skip50
\f@ncyO@orf=\skip51
)
(/usr/share/texlive/texmf-dist/tex/latex/graphics/color.sty
Package: color 2005/11/14 v1.0j Standard LaTeX Color (DPC)

(/usr/share/texlive/texmf-dist/tex/latex/latexconfig/color.cfg
File: color.cfg 2007/01/18 v1.5 color configuration of teTeX/TeXLive
)
Package color Info: Driver file: dvips.def on input line 130.

(/usr/share/texlive/texmf-dist/tex/latex/graphics/dvips.def
File: dvips.def 1999/02/16 v3.0i Driver-dependant file (DPC,SPQR)
)
(/usr/share/texlive/texmf-dist/tex/latex/graphics/dvipsnam.def
File: dvipsnam.def 1999/02/16 v3.0i Driver-dependant file (DPC,SPQR)
))
(/usr/share/texlive/texmf-dist/tex/latex/jknapltx/mathrsfs.sty
Package: mathrsfs 1996/01/01 Math RSFS package v1.0 (jk)
\symrsfs=\mathgroup4
)
(/usr/share/texlive/texmf-dist/tex/latex/graphics/graphicx.sty
Package: graphicx 1999/02/16 v1.0f Enhanced LaTeX Graphics (DPC,SPQR)

(/usr/share/texlive/texmf-dist/tex/latex/graphics/keyval.sty
Package: keyval 1999/03/16 v1.13 key=value parser (DPC)
\KV@toks@=\toks14
)
(/usr/share/texlive/texmf-dist/tex/latex/graphics/graphics.sty
Package: graphics 2009/02/05 v1.0o Standard LaTeX Graphics (DPC,SPQR)

(/usr/share/texlive/texmf-dist/tex/latex/graphics/trig.sty
Package: trig 1999/03/16 v1.09 sin cos tan (DPC)
)
(/usr/share/texlive/texmf-dist/tex/latex/latexconfig/graphics.cfg
File: graphics.cfg 2010/04/23 v1.9 graphics configuration of TeX Live
)
Package graphics Info: Driver file: dvips.def on input line 91.
)
\Gin@req@height=\dimen103
\Gin@req@width=\dimen104
)
(/usr/share/texlive/texmf-dist/tex/latex/subfigure/subfigure.sty
Package: subfigure 2002/03/15 v2.1.5 subfigure package
\subfigtopskip=\skip52
\subfigcapskip=\skip53
\subfigcaptopadj=\dimen105
\subfigbottomskip=\skip54
\subfigcapmargin=\dimen106
\subfiglabelskip=\skip55
\c@subfigure=\count88
\c@lofdepth=\count89
\c@subtable=\count90
\c@lotdepth=\count91

****************************************
* Local config file subfigure.cfg used *
****************************************
(/usr/share/texlive/texmf-dist/tex/latex/subfigure/subfigure.cfg)
\subfig@top=\skip56
\subfig@bottom=\skip57
)
(/usr/share/texlive/texmf-dist/tex/latex/caption/caption.sty
Package: caption 2012/02/19 v3.2f Customizing captions (AR)

(/usr/share/texlive/texmf-dist/tex/latex/caption/caption3.sty
Package: caption3 2012/01/12 v1.4b caption3 kernel (AR)
\captionmargin=\dimen107
\captionmargin@=\dimen108
\captionwidth=\dimen109
\caption@indent=\dimen110
\caption@parindent=\dimen111
\caption@hangindent=\dimen112
)
\c@ContinuedFloat=\count92
Package caption Info: subfigure package is loaded.
)
(/usr/share/texmf/tex/latex/feynmf/feynmp.sty
Package: feynmp 1996/12/02 v1.08 LaTeX/MetaPost Feynman Diagram Package (ohl)
\@outfmf=\write3
\fmfbuf@=\toks15
\c@fmfgraph=\count93
)
(/usr/share/texlive/texmf-dist/tex/latex/graphics/epsfig.sty
Package: epsfig 1999/02/16 v1.7a (e)psfig emulation (SPQR)
\epsfxsize=\dimen113
\epsfysize=\dimen114
)
(/usr/share/texlive/texmf-dist/tex/latex/psfrag/psfrag.sty
Package: psfrag 1998/04/11 v3.04 PSfrag (MCG)
\pfg@pcount=\count94
\pfg@scount=\count95
\pfg@temp=\write4
)
(/usr/share/texlive/texmf-dist/tex/latex/amsfonts/amssymb.sty
Package: amssymb 2009/06/22 v3.00

(/usr/share/texlive/texmf-dist/tex/latex/amsfonts/amsfonts.sty
Package: amsfonts 2009/06/22 v3.00 Basic AMSFonts support
\@emptytoks=\toks16
\symAMSa=\mathgroup5
\symAMSb=\mathgroup6
LaTeX Font Info:    Overwriting math alphabet `\mathfrak' in version `bold'
(Font)                  U/euf/m/n --> U/euf/b/n on input line 96.
))
(/usr/share/texlive/texmf-dist/tex/latex/amsmath/amsmath.sty
Package: amsmath 2000/07/18 v2.13 AMS math features
\@mathmargin=\skip58

For additional information on amsmath, use the `?' option.
(/usr/share/texlive/texmf-dist/tex/latex/amsmath/amstext.sty
Package: amstext 2000/06/29 v2.01

(/usr/share/texlive/texmf-dist/tex/latex/amsmath/amsgen.sty
File: amsgen.sty 1999/11/30 v2.0
\@emptytoks=\toks17
\ex@=\dimen115
))
(/usr/share/texlive/texmf-dist/tex/latex/amsmath/amsbsy.sty
Package: amsbsy 1999/11/29 v1.2d
\pmbraise@=\dimen116
)
(/usr/share/texlive/texmf-dist/tex/latex/amsmath/amsopn.sty
Package: amsopn 1999/12/14 v2.01 operator names
)
\inf@bad=\count96
LaTeX Info: Redefining \frac on input line 211.
\uproot@=\count97
\leftroot@=\count98
LaTeX Info: Redefining \overline on input line 307.
\classnum@=\count99
\DOTSCASE@=\count100
LaTeX Info: Redefining \ldots on input line 379.
LaTeX Info: Redefining \dots on input line 382.
LaTeX Info: Redefining \cdots on input line 467.
\Mathstrutbox@=\box26
\strutbox@=\box27
\big@size=\dimen117
LaTeX Font Info:    Redeclaring font encoding OML on input line 567.
LaTeX Font Info:    Redeclaring font encoding OMS on input line 568.
\macc@depth=\count101
\c@MaxMatrixCols=\count102
\dotsspace@=\muskip10
\c@parentequation=\count103
\dspbrk@lvl=\count104
\tag@help=\toks18
\row@=\count105
\column@=\count106
\maxfields@=\count107
\andhelp@=\toks19
\eqnshift@=\dimen118
\alignsep@=\dimen119
\tagshift@=\dimen120
\tagwidth@=\dimen121
\totwidth@=\dimen122
\lineht@=\dimen123
\@envbody=\toks20
\multlinegap=\skip59
\multlinetaggap=\skip60
\mathdisplay@stack=\toks21
LaTeX Info: Redefining \[ on input line 2666.
LaTeX Info: Redefining \] on input line 2667.
)
(/usr/share/texlive/texmf-dist/tex/latex/amscls/amsthm.sty
Package: amsthm 2009/07/02 v2.20.1
\thm@style=\toks22
\thm@bodyfont=\toks23
\thm@headfont=\toks24
\thm@notefont=\toks25
\thm@headpunct=\toks26
\thm@preskip=\skip61
\thm@postskip=\skip62
\thm@headsep=\skip63
\dth@everypar=\toks27
)
(/usr/share/texlive/texmf-dist/tex/latex/setspace/setspace.sty
Package: setspace 2011/12/19 v6.7a set line spacing
)
(/usr/share/texlive/texmf-dist/tex/latex/hyperref/hyperref.sty
Package: hyperref 2012/05/13 v6.82q Hypertext links for LaTeX

(/usr/share/texlive/texmf-dist/tex/generic/oberdiek/hobsub-hyperref.sty
Package: hobsub-hyperref 2012/05/28 v1.13 Bundle oberdiek, subset hyperref (HO)


(/usr/share/texlive/texmf-dist/tex/generic/oberdiek/hobsub-generic.sty
Package: hobsub-generic 2012/05/28 v1.13 Bundle oberdiek, subset generic (HO)
Package: hobsub 2012/05/28 v1.13 Construct package bundles (HO)
Package: infwarerr 2010/04/08 v1.3 Providing info/warning/error messages (HO)
Package: ltxcmds 2011/11/09 v1.22 LaTeX kernel commands for general use (HO)
Package: ifluatex 2010/03/01 v1.3 Provides the ifluatex switch (HO)
Package ifluatex Info: LuaTeX not detected.
Package: ifvtex 2010/03/01 v1.5 Detect VTeX and its facilities (HO)
Package ifvtex Info: VTeX not detected.
Package: intcalc 2007/09/27 v1.1 Expandable calculations with integers (HO)
Package: ifpdf 2011/01/30 v2.3 Provides the ifpdf switch (HO)
Package ifpdf Info: pdfTeX in PDF mode is not detected.
Package: etexcmds 2011/02/16 v1.5 Avoid name clashes with e-TeX commands (HO)
Package etexcmds Info: Could not find \expanded.
(etexcmds)             That can mean that you are not using pdfTeX 1.50 or
(etexcmds)             that some package has redefined \expanded.
(etexcmds)             In the latter case, load this package earlier.
Package: kvsetkeys 2012/04/25 v1.16 Key value parser (HO)
Package: kvdefinekeys 2011/04/07 v1.3 Define keys (HO)
Package: pdftexcmds 2011/11/29 v0.20 Utility functions of pdfTeX for LuaTeX (HO
)
Package pdftexcmds Info: LuaTeX not detected.
Package pdftexcmds Info: \pdf@primitive is available.
Package pdftexcmds Info: \pdf@ifprimitive is available.
Package pdftexcmds Info: \pdfdraftmode is ignored in DVI mode.
Package: pdfescape 2011/11/25 v1.13 Implements pdfTeX's escape features (HO)
Package: bigintcalc 2012/04/08 v1.3 Expandable calculations on big integers (HO
)
Package: bitset 2011/01/30 v1.1 Handle bit-vector datatype (HO)
Package: uniquecounter 2011/01/30 v1.2 Provide unlimited unique counter (HO)
)
Package hobsub Info: Skipping package `hobsub' (already loaded).
Package: letltxmacro 2010/09/02 v1.4 Let assignment for LaTeX macros (HO)
Package: hopatch 2012/05/28 v1.2 Wrapper for package hooks (HO)
Package: xcolor-patch 2011/01/30 xcolor patch
Package: atveryend 2011/06/30 v1.8 Hooks at the very end of document (HO)
Package atveryend Info: \enddocument detected (standard20110627).
Package: atbegshi 2011/10/05 v1.16 At begin shipout hook (HO)
Package: refcount 2011/10/16 v3.4 Data extraction from label references (HO)
Package: hycolor 2011/01/30 v1.7 Color options for hyperref/bookmark (HO)
)
(/usr/share/texlive/texmf-dist/tex/generic/ifxetex/ifxetex.sty
Package: ifxetex 2010/09/12 v0.6 Provides ifxetex conditional
)
(/usr/share/texlive/texmf-dist/tex/latex/oberdiek/kvoptions.sty
Package: kvoptions 2011/06/30 v3.11 Key value format for package options (HO)
)
\@linkdim=\dimen124
\Hy@linkcounter=\count108
\Hy@pagecounter=\count109

(/usr/share/texlive/texmf-dist/tex/latex/hyperref/pd1enc.def
File: pd1enc.def 2012/05/13 v6.82q Hyperref: PDFDocEncoding definition (HO)
)
\Hy@SavedSpaceFactor=\count110

(/usr/share/texlive/texmf-dist/tex/latex/latexconfig/hyperref.cfg
File: hyperref.cfg 2002/06/06 v1.2 hyperref configuration of TeXLive
)
Package hyperref Info: Hyper figures OFF on input line 4062.
Package hyperref Info: Link nesting OFF on input line 4067.
Package hyperref Info: Hyper index ON on input line 4070.
Package hyperref Info: Plain pages OFF on input line 4077.
Package hyperref Info: Backreferencing OFF on input line 4082.
Package hyperref Info: Implicit mode ON; LaTeX internals redefined.
Package hyperref Info: Bookmarks ON on input line 4300.
\c@Hy@tempcnt=\count111

(/usr/share/texlive/texmf-dist/tex/latex/url/url.sty
\Urlmuskip=\muskip11
Package: url 2006/04/12  ver 3.3  Verb mode for urls, etc.
)
LaTeX Info: Redefining \url on input line 4653.
\Fld@menulength=\count112
\Field@Width=\dimen125
\Fld@charsize=\dimen126
Package hyperref Info: Hyper figures OFF on input line 5773.
Package hyperref Info: Link nesting OFF on input line 5778.
Package hyperref Info: Hyper index ON on input line 5781.
Package hyperref Info: backreferencing OFF on input line 5788.
Package hyperref Info: Link coloring OFF on input line 5793.
Package hyperref Info: Link coloring with OCG OFF on input line 5798.
Package hyperref Info: PDF/A mode OFF on input line 5803.
LaTeX Info: Redefining \ref on input line 5843.
LaTeX Info: Redefining \pageref on input line 5847.
\Hy@abspage=\count113
\c@Item=\count114
\c@Hfootnote=\count115
)

Package hyperref Message: Driver (default): hdvips.

(/usr/share/texlive/texmf-dist/tex/latex/hyperref/hdvips.def
File: hdvips.def 2012/05/13 v6.82q Hyperref driver for dvips

(/usr/share/texlive/texmf-dist/tex/latex/hyperref/pdfmark.def
File: pdfmark.def 2012/05/13 v6.82q Hyperref definitions for pdfmark specials
\pdf@docset=\toks28
\pdf@box=\box28
\pdf@toks=\toks29
\pdf@defaulttoks=\toks30
\Fld@listcount=\count116
\c@bookmark@seq@number=\count117

(/usr/share/texlive/texmf-dist/tex/latex/oberdiek/rerunfilecheck.sty
Package: rerunfilecheck 2011/04/15 v1.7 Rerun checks for auxiliary files (HO)
Package uniquecounter Info: New unique counter `rerunfilecheck' on input line 2
82.
)
\Hy@SectionHShift=\skip64
))
(/usr/share/texlive/texmf-dist/tex/latex/tools/xspace.sty
Package: xspace 2009/10/20 v1.13 Space after command names (DPC,MH)
)
(/usr/share/texlive/texmf-dist/tex/latex/appendix/appendix.sty
Package: appendix 2009/09/02 v1.2b extra appendix facilities
\c@@pps=\count118
\c@@ppsavesec=\count119
\c@@ppsaveapp=\count120
)
(/usr/share/texlive/texmf-dist/tex/latex/tools/afterpage.sty
Package: afterpage 1995/10/27 v1.08 After-Page Package (DPC)
\AP@output=\toks31
\AP@partial=\box29
\AP@footins=\box30
)
(/usr/share/texlive/texmf-dist/tex/latex/multirow/multirow.sty
\bigstrutjot=\dimen127
)
(/usr/share/texlive/texmf-dist/tex/latex/footnpag/footnpag.sty
Package: footnpag 1995/11/10 v2.6 numbering footnotes per page
\old_foot_file=\read1
\foot_file=\write5
\foot_name_no=\count121
)
(./petes_thesis.aux (./input/Introduction.aux) (./input/qcd.aux)
(./input/Detector.aux) (./input/FCALTB_chap.aux

LaTeX Warning: Label `TBplot_noisevbeam_4L' multiply defined.


LaTeX Warning: Label `TBplot_electron_residuals_4L' multiply defined.


LaTeX Warning: Label `sub@TBplot_electron_residuals_4L' multiply defined.


LaTeX Warning: Label `TBplot_electron_residuals_4H' multiply defined.


LaTeX Warning: Label `sub@TBplot_electron_residuals_4H' multiply defined.


LaTeX Warning: Label `LCmoment_r2_E_4L' multiply defined.


LaTeX Warning: Label `sub@LCmoment_r2_E_4L' multiply defined.


LaTeX Warning: Label `LCmoment_r2_E_4H' multiply defined.


LaTeX Warning: Label `sub@LCmoment_r2_E_4H' multiply defined.


LaTeX Warning: Label `LCmoment_r2_E_4L' multiply defined.


LaTeX Warning: Label `sub@LCmoment_r2_E_4L' multiply defined.


LaTeX Warning: Label `LCmoment_r2_E_4H' multiply defined.


LaTeX Warning: Label `sub@LCmoment_r2_E_4H' multiply defined.


LaTeX Warning: Label `LCmoment_r2_E_4L' multiply defined.


LaTeX Warning: Label `sub@LCmoment_r2_E_4L' multiply defined.


LaTeX Warning: Label `LCmoment_r2_E_4H' multiply defined.


LaTeX Warning: Label `sub@LCmoment_r2_E_4H' multiply defined.


LaTeX Warning: Label `LCmoment_Edens_E_4L' multiply defined.


LaTeX Warning: Label `sub@LCmoment_Edens_E_4L' multiply defined.


LaTeX Warning: Label `LCmoment_Edens_E_4H' multiply defined.


LaTeX Warning: Label `sub@LCmoment_Edens_E_4H' multiply defined.

) (./input/IncJets.aux) (./input/Conclusion.aux) (./input/append_MCresults.aux)
(./input/append_dataMCweights.aux))
\openout1 = `petes_thesis.aux'.

LaTeX Font Info:    Checking defaults for OML/cmm/m/it on input line 153.
LaTeX Font Info:    ... okay on input line 153.
LaTeX Font Info:    Checking defaults for T1/cmr/m/n on input line 153.
LaTeX Font Info:    ... okay on input line 153.
LaTeX Font Info:    Checking defaults for OT1/cmr/m/n on input line 153.
LaTeX Font Info:    ... okay on input line 153.
LaTeX Font Info:    Checking defaults for OMS/cmsy/m/n on input line 153.
LaTeX Font Info:    ... okay on input line 153.
LaTeX Font Info:    Checking defaults for OMX/cmex/m/n on input line 153.
LaTeX Font Info:    ... okay on input line 153.
LaTeX Font Info:    Checking defaults for U/cmr/m/n on input line 153.
LaTeX Font Info:    ... okay on input line 153.
LaTeX Font Info:    Checking defaults for PD1/pdf/m/n on input line 153.
LaTeX Font Info:    ... okay on input line 153.
Package caption Info: Begin \AtBeginDocument code.
Package caption Info: hyperref package is loaded.
Package caption Info: End \AtBeginDocument code.
\AtBeginShipoutBox=\box31
Package hyperref Info: Link coloring OFF on input line 153.

(/usr/share/texlive/texmf-dist/tex/latex/hyperref/nameref.sty
Package: nameref 2010/04/30 v2.40 Cross-referencing by name of section

(/usr/share/texlive/texmf-dist/tex/generic/oberdiek/gettitlestring.sty
Package: gettitlestring 2010/12/03 v1.4 Cleanup title references (HO)
)
\c@section@level=\count122
)
LaTeX Info: Redefining \ref on input line 153.
LaTeX Info: Redefining \pageref on input line 153.
LaTeX Info: Redefining \nameref on input line 153.

(./petes_thesis.out) (./petes_thesis.out)
\@outlinefile=\write6
\openout6 = `petes_thesis.out'.

\openout3 = `petes_thesis_mp.mp'.

 (./input/definitions.tex)
LaTeX Font Info:    Try loading font information for OMS+cmr on input line 168.


(/usr/share/texlive/texmf-dist/tex/latex/base/omscmr.fd
File: omscmr.fd 1999/05/25 v2.5h Standard LaTeX font definitions
)
LaTeX Font Info:    Font shape `OMS/cmr/m/n' in size <14.4> not available
(Font)              Font shape `OMS/cmsy/m/n' tried instead on input line 168.
 [1

]
LaTeX Font Info:    Try loading font information for U+rsfs on input line 177.

(/usr/share/texlive/texmf-dist/tex/latex/jknapltx/ursfs.fd
File: ursfs.fd 1998/03/24 rsfs font definition file (jk)
)
LaTeX Font Info:    Try loading font information for U+msa on input line 177.

(/usr/share/texlive/texmf-dist/tex/latex/amsfonts/umsa.fd
File: umsa.fd 2009/06/22 v3.00 AMS symbols A
)
LaTeX Font Info:    Try loading font information for U+msb on input line 177.

(/usr/share/texlive/texmf-dist/tex/latex/amsfonts/umsb.fd
File: umsb.fd 2009/06/22 v3.00 AMS symbols B
) [2

] [3]
(./petes_thesis.toc [4

] [5])
\tf@toc=\write7
\openout7 = `petes_thesis.toc'.

 [6] (./petes_thesis.lot)
\tf@lot=\write8
\openout8 = `petes_thesis.lot'.

 [7

] (./petes_thesis.lof
[8

] [9] [10] [11])
\tf@lof=\write9
\openout9 = `petes_thesis.lof'.

 [12]
\openout2 = `input/Introduction.aux'.

 (./input/Introduction.tex
Chapter 1.

Underfull \vbox (badness 10000) has occurred while \output is active []

 [1



])
[2]
\openout2 = `input/qcd.aux'.

 (./input/qcd.tex
Chapter 2.
File: figs/SM_xsec.eps Graphic file (type eps)
<figs/SM_xsec.eps>
Underfull \vbox (badness 10000) has occurred while \output is active []

 [3



]
Underfull \vbox (badness 10000) has occurred while \output is active []

 [4]
(./petes_thesis.fot)
\openout5 = `petes_thesis.fot'.


Underfull \vbox (badness 10000) has occurred while \output is active []

 [5]
File: petes_thesis_mp.1 Graphic file (type eps)

<petes_thesis_mp.1>
feynmf: Label file petes_thesis_mp.t1 not found:
feynmf: Process petes_thesis_mp.mp with MetaPost and then reprocess this file.
File: petes_thesis_mp.2 Graphic file (type eps)
<petes_thesis_mp.2>
feynmf: Label file petes_thesis_mp.t2 not found:
feynmf: Process petes_thesis_mp.mp with MetaPost and then reprocess this file.
File: petes_thesis_mp.3 Graphic file (type eps)
<petes_thesis_mp.3>
feynmf: Label file petes_thesis_mp.t3 not found:
feynmf: Process petes_thesis_mp.mp with MetaPost and then reprocess this file.

Underfull \vbox (badness 3826) has occurred while \output is active []

 [6]
File: petes_thesis_mp.4 Graphic file (type eps)

<petes_thesis_mp.4>
feynmf: Label file petes_thesis_mp.t4 not found:
feynmf: Process petes_thesis_mp.mp with MetaPost and then reprocess this file.
File: petes_thesis_mp.5 Graphic file (type eps)
<petes_thesis_mp.5>
feynmf: Label file petes_thesis_mp.t5 not found:
feynmf: Process petes_thesis_mp.mp with MetaPost and then reprocess this file.
File: petes_thesis_mp.6 Graphic file (type eps)
<petes_thesis_mp.6>
feynmf: Label file petes_thesis_mp.t6 not found:
feynmf: Process petes_thesis_mp.mp with MetaPost and then reprocess this file.
File: petes_thesis_mp.7 Graphic file (type eps)
<petes_thesis_mp.7>
feynmf: Label file petes_thesis_mp.t7 not found:
feynmf: Process petes_thesis_mp.mp with MetaPost and then reprocess this file.

LaTeX Warning: `h' float specifier changed to `ht'.

[7]
Underfull \vbox (badness 6675) has occurred while \output is active []

 [8]
Underfull \vbox (badness 10000) has occurred while \output is active []

 [9]
[10]
File: petes_thesis_mp.8 Graphic file (type eps)
 <petes_thesis_mp.8>
feynmf: Label file petes_thesis_mp.t8 not found:
feynmf: Process petes_thesis_mp.mp with MetaPost and then reprocess this file.
File: petes_thesis_mp.9 Graphic file (type eps)
<petes_thesis_mp.9>
feynmf: Label file petes_thesis_mp.t9 not found:
feynmf: Process petes_thesis_mp.mp with MetaPost and then reprocess this file.
File: petes_thesis_mp.10 Graphic file (type eps)
<petes_thesis_mp.10>
feynmf: Label file petes_thesis_mp.t10 not found:
feynmf: Process petes_thesis_mp.mp with MetaPost and then reprocess this file.
File: figs/CT10_1TeV_errs.eps Graphic file (type eps)
<figs/CT10_1TeV_errs.eps>

LaTeX Warning: `h' float specifier changed to `ht'.


Underfull \vbox (badness 1360) has occurred while \output is active []

 [11]
File: petes_thesis_mp.11 Graphic file (type eps)

<petes_thesis_mp.11>
feynmf: Label file petes_thesis_mp.t11 not found:
feynmf: Process petes_thesis_mp.mp with MetaPost and then reprocess this file.
File: petes_thesis_mp.12 Graphic file (type eps)
<petes_thesis_mp.12>
feynmf: Label file petes_thesis_mp.t12 not found:
feynmf: Process petes_thesis_mp.mp with MetaPost and then reprocess this file.
File: petes_thesis_mp.13 Graphic file (type eps)
<petes_thesis_mp.13>
feynmf: Label file petes_thesis_mp.t13 not found:
feynmf: Process petes_thesis_mp.mp with MetaPost and then reprocess this file.

Underfull \vbox (badness 10000) has occurred while \output is active []

 [12]
[13] [14] [15]
File: petes_thesis_mp.14 Graphic file (type eps)
 <petes_thesis_mp.14>
feynmf: Label file petes_thesis_mp.t14 not found:
feynmf: Process petes_thesis_mp.mp with MetaPost and then reprocess this file.

Underfull \vbox (badness 3128) has occurred while \output is active []

 [16])
[17]
\openout2 = `input/Detector.aux'.

 (./input/Detector.tex
Chapter 3.
File: figs/Detector/LHC_injection.eps Graphic file (type eps)
<figs/Detector/LHC_injection.eps>
Underfull \vbox (badness 3302) has occurred while \output is active []

 [18



]
File: figs/Detector/ATLAS_overview.eps Graphic file (type eps)

<figs/Detector/ATLAS_overview.eps> [19] [20] [21]
File: figs/Detector/ID_barrel.eps Graphic file (type eps)

<figs/Detector/ID_barrel.eps>
File: figs/Detector/ID_endcap.eps Graphic file (type eps)
 <figs/Detector/ID_endcap.eps>
Underfull \vbox (badness 3128) has occurred while \output is active []

 [22]
[23]
File: figs/Detector/Muon_bits.eps Graphic file (type eps)
 <figs/Detector/Muon_bits.eps> [24]
Underfull \vbox (badness 10000) has occurred while \output is active []

 [25]
[26] [27]
Underfull \vbox (badness 1584) has occurred while \output is active []

 [28]
[29]
Overfull \hbox (6.1754pt too wide) in paragraph at lines 428--429
[]\OT1/cmr/m/n/12 The \OT1/cmtt/m/n/12 A[] \OT1/cmr/m/n/12 calorime-ters are al
l non-compensating, and thus the re-sponse of the calorime-
 []


Underfull \vbox (badness 10000) has occurred while \output is active []

 [30]
File: figs/Detector/calorimeters.eps Graphic file (type eps)

<figs/Detector/calorimeters.eps> [31]
File: figs/Detector/EMB_section.eps Graphic file (type eps)
 <figs/Detector/EMB_section.eps>
Underfull \vbox (badness 10000) has occurred while \output is active []

 [32]
File: figs/Detector/EMB_electrode.eps Graphic file (type eps)

<figs/Detector/EMB_electrode.eps> [33]
File: figs/Detector/TileCal_Module3.eps Graphic file (type eps)
 <figs/Detector/TileCal_Module3.eps>
Underfull \vbox (badness 10000) has occurred while \output is active []

 [34]
[35]
File: figs/Detector/EMEC_module.eps Graphic file (type eps)
 <figs/Detector/EMEC_module.eps>
Underfull \vbox (badness 3965) has occurred while \output is active []

 [36]
File: figs/Detector/HEC_estM.eps Graphic file (type eps)

<figs/Detector/HEC_estM.eps>
File: figs/TBoverview/FCal_support_cutaway.eps Graphic file (type eps)
 <figs/TBoverview/FCal_support_cutaway.eps>
[37]
Underfull \vbox (badness 3058) has occurred while \output is active []

 [38]
Underfull \vbox (badness 10000) has occurred while \output is active []

 [39]
File: figs/TBoverview/rods_slugs.eps Graphic file (type eps)

<figs/TBoverview/rods_slugs.eps> [40]
File: figs/TBoverview/ICB.eps Graphic file (type eps)
 <figs/TBoverview/ICB.eps> [41]
File: figs/TBoverview/summingboards.eps Graphic file (type eps)

<figs/TBoverview/summingboards.eps>
File: figs/TBoverview/summing_board.eps Graphic file (type eps)
 <figs/TBoverview/summing_board.eps>
Underfull \vbox (badness 10000) has occurred while \output is active []

 [42]
Underfull \vbox (badness 10000) has occurred while \output is active []

 [43]
[44]
File: figs/TBoverview/pulse_shapes.eps Graphic file (type eps)
 <figs/TBoverview/pulse_shapes.eps>
Underfull \vbox (badness 6141) has occurred while \output is active []

 [45]
Underfull \vbox (badness 3049) has occurred while \output is active []

 [46]
[47] [48]
Underfull \vbox (badness 10000) has occurred while \output is active []

 [49]
File: figs/Detector/calibration_pulse_shape.eps Graphic file (type eps)

<figs/Detector/calibration_pulse_shape.eps>
Underfull \vbox (badness 10000) has occurred while \output is active []

 [50]
[51]
Underfull \vbox (badness 7415) has occurred while \output is active []

 [52]
File: figs/atlas_7tev_minbias.eps Graphic file (type eps)

<figs/atlas_7tev_minbias.eps>
Underfull \vbox (badness 10000) has occurred while \output is active []

 [53]
[54] [55]) [56]
\openout2 = `input/FCALTB_chap.aux'.

 (./input/FCALTB_chap.tex
Chapter 4.

Underfull \vbox (badness 4353) has occurred while \output is active []

 [57



]
File: figs/TB_Beamline.eps Graphic file (type eps)

<figs/TB_Beamline.eps>
File: figs/TB_beamspots.eps Graphic file (type eps)
 <figs/TB_beamspots.eps>
Underfull \vbox (badness 10000) has occurred while \output is active []

 [58]
[59]
Overfull \hbox (1.87955pt too wide) in paragraph at lines 93--94
\OT1/cmr/m/n/12 which three scin-til-la-tors (S1, S2, S3) were po-si-tioned. Th
ese scin-til-la-tors were polystyrene-
 []


Underfull \vbox (badness 10000) has occurred while \output is active []

 [60]
File: figs/atlas_EC_xsec2.eps Graphic file (type eps)

<figs/atlas_EC_xsec2.eps>
Underfull \vbox (badness 2189) has occurred while \output is active []

 [61]
Overfull \hbox (0.6478pt too wide) in paragraph at lines 108--109
[]\OT1/cmr/m/n/12 The \OT1/cmtt/m/n/12 A[] \OT1/cmr/m/n/12 JM shield-ing [[]] (
la-belled ``Poly Shield'' in Fig-ure [][][][]) is made of boronated
 []

File: figs/tub_photo.eps Graphic file (type eps)
<figs/tub_photo.eps>
Underfull \vbox (badness 10000) has occurred while \output is active []

 [62]
[63] [64]
Underfull \vbox (badness 10000) has occurred while \output is active []

 [65]
[66]
File: figs/TBoverview/TB_flowchart2.eps Graphic file (type eps)
 <figs/TBoverview/TB_flowchart2.eps>
Underfull \vbox (badness 3364) has occurred while \output is active []

 [67]
Underfull \vbox (badness 10000) has occurred while \output is active []

 [68]
LaTeX Font Info:    Font shape `OMS/cmr/m/n' in size <12> not available
(Font)              Font shape `OMS/cmsy/m/n' tried instead on input line 313.

[69] [70]
File: figs/TBoverview/noise_v_run.eps Graphic file (type eps)
 <figs/TBoverview/noise_v_run.eps>
Underfull \vbox (badness 3657) has occurred while \output is active []

 [71]
Underfull \vbox (badness 10000) has occurred while \output is active []

 [72]
[73] [74

]
Underfull \vbox (badness 10000) has occurred while \output is active []

 [75]
[76]
File: figs/FCalTB_plots/radial_electrons_4L_193GeV_int.eps Graphic file (type e
ps)
 <figs/FCalTB_plots/radial_electrons_4L_193GeV_int.eps>
File: figs/FCalTB_plots/radial_electrons_4H_193GeV_int.eps Graphic file (type e
ps)

<figs/FCalTB_plots/radial_electrons_4H_193GeV_int.eps>
File: figs/FCalTB_plots/radial_electrons_4L_193GeV_diff.eps Graphic file (type 
eps)

<figs/FCalTB_plots/radial_electrons_4L_193GeV_diff.eps>
File: figs/FCalTB_plots/radial_electrons_4H_193GeV_diff.eps Graphic file (type 
eps)

<figs/FCalTB_plots/radial_electrons_4H_193GeV_diff.eps>
Underfull \vbox (badness 2856) has occurred while \output is active []

 [77]
Underfull \vbox (badness 1527) has occurred while \output is active []

 [78]
File: figs/FCalTB_plots/Response_individual_data/Electron_response_193GeV_4L_da
ta.eps Graphic file (type eps)

<figs/FCalTB_plots/Response_individual_data/Electron_response_193GeV_4L_data.ep
s>
File: figs/FCalTB_plots/Response_individual_data/Electron_response_148GeV_4L_da
ta.eps Graphic file (type eps)

<figs/FCalTB_plots/Response_individual_data/Electron_response_148GeV_4L_data.ep
s>
File: figs/FCalTB_plots/Response_individual_data/Electron_response_100GeV_4L_da
ta.eps Graphic file (type eps)

<figs/FCalTB_plots/Response_individual_data/Electron_response_100GeV_4L_data.ep
s>
File: figs/FCalTB_plots/Response_individual_data/Electron_response_80GeV_4L_dat
a.eps Graphic file (type eps)

<figs/FCalTB_plots/Response_individual_data/Electron_response_80GeV_4L_data.eps
>
File: figs/FCalTB_plots/Response_individual_data/Electron_response_60GeV_4L_dat
a.eps Graphic file (type eps)

<figs/FCalTB_plots/Response_individual_data/Electron_response_60GeV_4L_data.eps
>
File: figs/FCalTB_plots/Response_individual_data/Electron_response_40GeV_4L_dat
a.eps Graphic file (type eps)

<figs/FCalTB_plots/Response_individual_data/Electron_response_40GeV_4L_data.eps
>
File: figs/FCalTB_plots/Response_individual_data/Electron_response_20GeV_4L_dat
a.eps Graphic file (type eps)

<figs/FCalTB_plots/Response_individual_data/Electron_response_20GeV_4L_data.eps
>
File: figs/FCalTB_plots/Response_individual_data/Electron_response_10GeV_4L_dat
a.eps Graphic file (type eps)

<figs/FCalTB_plots/Response_individual_data/Electron_response_10GeV_4L_data.eps
>

LaTeX Warning: Float too large for page by 4.68169pt on input line 798.


Underfull \vbox (badness 4168) has occurred while \output is active []

 [79]
File: figs/FCalTB_plots/Response_individual_data/Electron_response_193GeV_4H_da
ta.eps Graphic file (type eps)

<figs/FCalTB_plots/Response_individual_data/Electron_response_193GeV_4H_data.ep
s>
File: figs/FCalTB_plots/Response_individual_data/Electron_response_148GeV_4H_da
ta.eps Graphic file (type eps)

<figs/FCalTB_plots/Response_individual_data/Electron_response_148GeV_4H_data.ep
s>
File: figs/FCalTB_plots/Response_individual_data/Electron_response_100GeV_4H_da
ta.eps Graphic file (type eps)

<figs/FCalTB_plots/Response_individual_data/Electron_response_100GeV_4H_data.ep
s>
File: figs/FCalTB_plots/Response_individual_data/Electron_response_80GeV_4H_dat
a.eps Graphic file (type eps)

<figs/FCalTB_plots/Response_individual_data/Electron_response_80GeV_4H_data.eps
>
File: figs/FCalTB_plots/Response_individual_data/Electron_response_60GeV_4H_dat
a.eps Graphic file (type eps)

<figs/FCalTB_plots/Response_individual_data/Electron_response_60GeV_4H_data.eps
>
File: figs/FCalTB_plots/Response_individual_data/Electron_response_40GeV_4H_dat
a.eps Graphic file (type eps)

<figs/FCalTB_plots/Response_individual_data/Electron_response_40GeV_4H_data.eps
>
File: figs/FCalTB_plots/Response_individual_data/Electron_response_20GeV_4H_dat
a.eps Graphic file (type eps)

<figs/FCalTB_plots/Response_individual_data/Electron_response_20GeV_4H_data.eps
>
File: figs/FCalTB_plots/Response_individual_data/Electron_response_10GeV_4H_dat
a.eps Graphic file (type eps)

<figs/FCalTB_plots/Response_individual_data/Electron_response_10GeV_4H_data.eps
>

LaTeX Warning: Float too large for page by 4.68169pt on input line 830.

[80] [81] [82] [83]
File: figs/FCalTB_plots/Response_individual_MC/Electron_response_193GeV_4L_MC.e
ps Graphic file (type eps)

<figs/FCalTB_plots/Response_individual_MC/Electron_response_193GeV_4L_MC.eps>
File: figs/FCalTB_plots/Response_individual_MC/Electron_response_148GeV_4L_MC.e
ps Graphic file (type eps)

<figs/FCalTB_plots/Response_individual_MC/Electron_response_148GeV_4L_MC.eps>
File: figs/FCalTB_plots/Response_individual_MC/Electron_response_100GeV_4L_MC.e
ps Graphic file (type eps)

<figs/FCalTB_plots/Response_individual_MC/Electron_response_100GeV_4L_MC.eps>
File: figs/FCalTB_plots/Response_individual_MC/Electron_response_80GeV_4L_MC.ep
s Graphic file (type eps)

<figs/FCalTB_plots/Response_individual_MC/Electron_response_80GeV_4L_MC.eps>
File: figs/FCalTB_plots/Response_individual_MC/Electron_response_60GeV_4L_MC.ep
s Graphic file (type eps)

<figs/FCalTB_plots/Response_individual_MC/Electron_response_60GeV_4L_MC.eps>
File: figs/FCalTB_plots/Response_individual_MC/Electron_response_40GeV_4L_MC.ep
s Graphic file (type eps)

<figs/FCalTB_plots/Response_individual_MC/Electron_response_40GeV_4L_MC.eps>
File: figs/FCalTB_plots/Response_individual_MC/Electron_response_20GeV_4L_MC.ep
s Graphic file (type eps)

<figs/FCalTB_plots/Response_individual_MC/Electron_response_20GeV_4L_MC.eps>
File: figs/FCalTB_plots/Response_individual_MC/Electron_response_10GeV_4L_MC.ep
s Graphic file (type eps)

<figs/FCalTB_plots/Response_individual_MC/Electron_response_10GeV_4L_MC.eps>
File: figs/FCalTB_plots/Response_individual_MC/Electron_response_193GeV_4H_MC.e
ps Graphic file (type eps)

<figs/FCalTB_plots/Response_individual_MC/Electron_response_193GeV_4H_MC.eps>
File: figs/FCalTB_plots/Response_individual_MC/Electron_response_148GeV_4H_MC.e
ps Graphic file (type eps)

<figs/FCalTB_plots/Response_individual_MC/Electron_response_148GeV_4H_MC.eps>
File: figs/FCalTB_plots/Response_individual_MC/Electron_response_100GeV_4H_MC.e
ps Graphic file (type eps)

<figs/FCalTB_plots/Response_individual_MC/Electron_response_100GeV_4H_MC.eps>
File: figs/FCalTB_plots/Response_individual_MC/Electron_response_80GeV_4H_MC.ep
s Graphic file (type eps)

<figs/FCalTB_plots/Response_individual_MC/Electron_response_80GeV_4H_MC.eps>
File: figs/FCalTB_plots/Response_individual_MC/Electron_response_60GeV_4H_MC.ep
s Graphic file (type eps)

<figs/FCalTB_plots/Response_individual_MC/Electron_response_60GeV_4H_MC.eps>
File: figs/FCalTB_plots/Response_individual_MC/Electron_response_40GeV_4H_MC.ep
s Graphic file (type eps)

<figs/FCalTB_plots/Response_individual_MC/Electron_response_40GeV_4H_MC.eps>
File: figs/FCalTB_plots/Response_individual_MC/Electron_response_20GeV_4H_MC.ep
s Graphic file (type eps)

<figs/FCalTB_plots/Response_individual_MC/Electron_response_20GeV_4H_MC.eps>
File: figs/FCalTB_plots/Response_individual_MC/Electron_response_10GeV_4H_MC.ep
s Graphic file (type eps)

<figs/FCalTB_plots/Response_individual_MC/Electron_response_10GeV_4H_MC.eps>
Underfull \vbox (badness 7415) has occurred while \output is active []

 [84]
[85] [86] [87]
File: figs/FCalTB_plots/electron_linearity_4L.eps Graphic file (type eps)
 <figs/FCalTB_plots/electron_linearity_4L.eps>
File: figs/FCalTB_plots/electron_linearity_4H.eps Graphic file (type eps)

<figs/FCalTB_plots/electron_linearity_4H.eps>
File: figs/FCalTB_plots/electron_linearity_residuals_4L_scale.eps Graphic file 
(type eps)

<figs/FCalTB_plots/electron_linearity_residuals_4L_scale.eps>
File: figs/FCalTB_plots/electron_linearity_residuals_4H_scale.eps Graphic file 
(type eps)

<figs/FCalTB_plots/electron_linearity_residuals_4H_scale.eps> [88]
Underfull \vbox (badness 6396) has occurred while \output is active []

 [89]
Underfull \vbox (badness 3128) has occurred while \output is active []

 [90]
File: figs/FCalTB_plots/electron_resolution_4L.eps Graphic file (type eps)

<figs/FCalTB_plots/electron_resolution_4L.eps>
File: figs/FCalTB_plots/electron_resolution_4H.eps Graphic file (type eps)

<figs/FCalTB_plots/electron_resolution_4H.eps>
File: figs/FCalTB_plots/Electron_response_4L_data_noisevbeam.eps Graphic file (
type eps)

<figs/FCalTB_plots/Electron_response_4L_data_noisevbeam.eps>
File: figs/FCalTB_plots/Electron_response_4H_data_noisevbeam.eps Graphic file (
type eps)

<figs/FCalTB_plots/Electron_response_4H_data_noisevbeam.eps>
Underfull \vbox (badness 1859) has occurred while \output is active []

 [91]
[92]
File: figs/FCalTB_plots/electrode_response_v_r.eps Graphic file (type eps)
 <figs/FCalTB_plots/electrode_response_v_r.eps> [93]
Underfull \vbox (badness 4713) has occurred while \output is active []

 [94]
Underfull \vbox (badness 7415) has occurred while \output is active []

 [95]
File: figs/FCalTB_plots/pions_4L_radial_int.eps Graphic file (type eps)

<figs/FCalTB_plots/pions_4L_radial_int.eps>
File: figs/FCalTB_plots/pions_4H_radial_int.eps Graphic file (type eps)

<figs/FCalTB_plots/pions_4H_radial_int.eps>
File: figs/FCalTB_plots/pions_4L_radial_diff.eps Graphic file (type eps)

<figs/FCalTB_plots/pions_4L_radial_diff.eps>
File: figs/FCalTB_plots/pions_4H_radial_diff.eps Graphic file (type eps)

<figs/FCalTB_plots/pions_4H_radial_diff.eps> [96]
Underfull \vbox (badness 10000) has occurred while \output is active []

 [97]
File: figs/FCalTB_plots/pions_4L_long.eps Graphic file (type eps)

<figs/FCalTB_plots/pions_4L_long.eps>
File: figs/FCalTB_plots/pions_4H_long.eps Graphic file (type eps)
 <figs/FCalTB_plots/pions_4H_long.eps>
[98]
File: figs/FCalTB_plots/hadron_linearity_4L_EMscale.eps Graphic file (type eps)

 <figs/FCalTB_plots/hadron_linearity_4L_EMscale.eps>
File: figs/FCalTB_plots/hadron_linearity_4H_EMscale.eps Graphic file (type eps)


<figs/FCalTB_plots/hadron_linearity_4H_EMscale.eps>
Underfull \vbox (badness 1406) has occurred while \output is active []

 [99]
File: figs/FCalTB_plots/weightfigs/weights_4L_c16_g1.eps Graphic file (type eps
)

<figs/FCalTB_plots/weightfigs/weights_4L_c16_g1.eps>
File: figs/FCalTB_plots/weightfigs/weights_4H_c16_g1.eps Graphic file (type eps
)

<figs/FCalTB_plots/weightfigs/weights_4H_c16_g1.eps>
File: figs/FCalTB_plots/weightfigs/weights_4L_c16_g2.eps Graphic file (type eps
)

<figs/FCalTB_plots/weightfigs/weights_4L_c16_g2.eps>
File: figs/FCalTB_plots/weightfigs/weights_4H_c16_g2.eps Graphic file (type eps
)

<figs/FCalTB_plots/weightfigs/weights_4H_c16_g2.eps>
File: figs/FCalTB_plots/weightfigs/weights_4L_c16_g3.eps Graphic file (type eps
)

<figs/FCalTB_plots/weightfigs/weights_4L_c16_g3.eps>
File: figs/FCalTB_plots/weightfigs/weights_4H_c16_g3.eps Graphic file (type eps
)

<figs/FCalTB_plots/weightfigs/weights_4H_c16_g3.eps>
Underfull \vbox (badness 10000) has occurred while \output is active []

 [100]
[101]
File: figs/FCalTB_plots/Response_individual_data/Pion_response_200GeV_4L_data.e
ps Graphic file (type eps)

<figs/FCalTB_plots/Response_individual_data/Pion_response_200GeV_4L_data.eps>
File: figs/FCalTB_plots/Response_individual_data/Pion_response_150GeV_4L_data.e
ps Graphic file (type eps)

<figs/FCalTB_plots/Response_individual_data/Pion_response_150GeV_4L_data.eps>
File: figs/FCalTB_plots/Response_individual_data/Pion_response_120GeV_4L_data.e
ps Graphic file (type eps)

<figs/FCalTB_plots/Response_individual_data/Pion_response_120GeV_4L_data.eps>
File: figs/FCalTB_plots/Response_individual_data/Pion_response_100GeV_4L_data.e
ps Graphic file (type eps)

<figs/FCalTB_plots/Response_individual_data/Pion_response_100GeV_4L_data.eps>
File: figs/FCalTB_plots/Response_individual_data/Pion_response_80GeV_4L_data.ep
s Graphic file (type eps)

<figs/FCalTB_plots/Response_individual_data/Pion_response_80GeV_4L_data.eps>
File: figs/FCalTB_plots/Response_individual_data/Pion_response_60GeV_4L_data.ep
s Graphic file (type eps)

<figs/FCalTB_plots/Response_individual_data/Pion_response_60GeV_4L_data.eps>
File: figs/FCalTB_plots/Response_individual_data/Pion_response_40GeV_4L_data.ep
s Graphic file (type eps)

<figs/FCalTB_plots/Response_individual_data/Pion_response_40GeV_4L_data.eps>
File: figs/FCalTB_plots/Response_individual_data/Pion_response_10GeV_4L_data.ep
s Graphic file (type eps)

<figs/FCalTB_plots/Response_individual_data/Pion_response_10GeV_4L_data.eps>

LaTeX Warning: Float too large for page by 4.68169pt on input line 1884.

File: figs/FCalTB_plots/Response_individual_data/Pion_response_200GeV_4H_data.e
ps Graphic file (type eps)
<figs/FCalTB_plots/Response_individual_data/Pion_response_200GeV_4H_data.eps>
File: figs/FCalTB_plots/Response_individual_data/Pion_response_150GeV_4H_data.e
ps Graphic file (type eps)

<figs/FCalTB_plots/Response_individual_data/Pion_response_150GeV_4H_data.eps>
File: figs/FCalTB_plots/Response_individual_data/Pion_response_120GeV_4H_data.e
ps Graphic file (type eps)

<figs/FCalTB_plots/Response_individual_data/Pion_response_120GeV_4H_data.eps>
File: figs/FCalTB_plots/Response_individual_data/Pion_response_100GeV_4H_data.e
ps Graphic file (type eps)

<figs/FCalTB_plots/Response_individual_data/Pion_response_100GeV_4H_data.eps>
File: figs/FCalTB_plots/Response_individual_data/Pion_response_80GeV_4H_data.ep
s Graphic file (type eps)

<figs/FCalTB_plots/Response_individual_data/Pion_response_80GeV_4H_data.eps>
File: figs/FCalTB_plots/Response_individual_data/Pion_response_60GeV_4H_data.ep
s Graphic file (type eps)

<figs/FCalTB_plots/Response_individual_data/Pion_response_60GeV_4H_data.eps>
File: figs/FCalTB_plots/Response_individual_data/Pion_response_40GeV_4H_data.ep
s Graphic file (type eps)

<figs/FCalTB_plots/Response_individual_data/Pion_response_40GeV_4H_data.eps>
File: figs/FCalTB_plots/Response_individual_data/Pion_response_10GeV_4H_data.ep
s Graphic file (type eps)

<figs/FCalTB_plots/Response_individual_data/Pion_response_10GeV_4H_data.eps>

LaTeX Warning: Float too large for page by 7.54948pt on input line 1915.

File: figs/FCalTB_plots/Response_individual_data/Pion_response_4L_data_noisevbe
am.eps Graphic file (type eps)

<figs/FCalTB_plots/Response_individual_data/Pion_response_4L_data_noisevbeam.ep
s>
File: figs/FCalTB_plots/Response_individual_data/Pion_response_4H_data_noisevbe
am.eps Graphic file (type eps)

<figs/FCalTB_plots/Response_individual_data/Pion_response_4H_data_noisevbeam.ep
s> [102] [103] [104]
File: figs/FCalTB_plots/hadron_linearity_4L.eps Graphic file (type eps)
 <figs/FCalTB_plots/hadron_linearity_4L.eps>
File: figs/FCalTB_plots/hadron_linearity_4H.eps Graphic file (type eps)

<figs/FCalTB_plots/hadron_linearity_4H.eps> [105]
Underfull \vbox (badness 7415) has occurred while \output is active []

 [106]
File: figs/FCalTB_plots/hadron_resolution_4L.eps Graphic file (type eps)

<figs/FCalTB_plots/hadron_resolution_4L.eps>
File: figs/FCalTB_plots/hadron_resolution_4H.eps Graphic file (type eps)

<figs/FCalTB_plots/hadron_resolution_4H.eps> [107] [108] [109

]
File: figs/FCalTB_plots/Response_individual_data/Electron_response_193GeV_4L_da
ta_t420.eps Graphic file (type eps)

<figs/FCalTB_plots/Response_individual_data/Electron_response_193GeV_4L_data_t4
20.eps>
File: figs/FCalTB_plots/Response_individual_data/Electron_response_148GeV_4L_da
ta_t420.eps Graphic file (type eps)

<figs/FCalTB_plots/Response_individual_data/Electron_response_148GeV_4L_data_t4
20.eps>
File: figs/FCalTB_plots/Response_individual_data/Electron_response_100GeV_4L_da
ta_t420.eps Graphic file (type eps)

<figs/FCalTB_plots/Response_individual_data/Electron_response_100GeV_4L_data_t4
20.eps>
File: figs/FCalTB_plots/Response_individual_data/Electron_response_80GeV_4L_dat
a_t420.eps Graphic file (type eps)

<figs/FCalTB_plots/Response_individual_data/Electron_response_80GeV_4L_data_t42
0.eps>
File: figs/FCalTB_plots/Response_individual_data/Electron_response_60GeV_4L_dat
a_t420.eps Graphic file (type eps)

<figs/FCalTB_plots/Response_individual_data/Electron_response_60GeV_4L_data_t42
0.eps>
File: figs/FCalTB_plots/Response_individual_data/Electron_response_40GeV_4L_dat
a_t420.eps Graphic file (type eps)

<figs/FCalTB_plots/Response_individual_data/Electron_response_40GeV_4L_data_t42
0.eps>
File: figs/FCalTB_plots/Response_individual_data/Electron_response_20GeV_4L_dat
a_t420.eps Graphic file (type eps)

<figs/FCalTB_plots/Response_individual_data/Electron_response_20GeV_4L_data_t42
0.eps>
File: figs/FCalTB_plots/Response_individual_data/Electron_response_10GeV_4L_dat
a_t420.eps Graphic file (type eps)

<figs/FCalTB_plots/Response_individual_data/Electron_response_10GeV_4L_data_t42
0.eps>

LaTeX Warning: Float too large for page by 19.18169pt on input line 2209.

File: figs/FCalTB_plots/Response_individual_data/Electron_response_193GeV_4H_da
ta_t420.eps Graphic file (type eps)

<figs/FCalTB_plots/Response_individual_data/Electron_response_193GeV_4H_data_t4
20.eps>
File: figs/FCalTB_plots/Response_individual_data/Electron_response_148GeV_4H_da
ta_t420.eps Graphic file (type eps)

<figs/FCalTB_plots/Response_individual_data/Electron_response_148GeV_4H_data_t4
20.eps>
File: figs/FCalTB_plots/Response_individual_data/Electron_response_100GeV_4H_da
ta_t420.eps Graphic file (type eps)

<figs/FCalTB_plots/Response_individual_data/Electron_response_100GeV_4H_data_t4
20.eps>
File: figs/FCalTB_plots/Response_individual_data/Electron_response_80GeV_4H_dat
a_t420.eps Graphic file (type eps)

<figs/FCalTB_plots/Response_individual_data/Electron_response_80GeV_4H_data_t42
0.eps>
File: figs/FCalTB_plots/Response_individual_data/Electron_response_60GeV_4H_dat
a_t420.eps Graphic file (type eps)

<figs/FCalTB_plots/Response_individual_data/Electron_response_60GeV_4H_data_t42
0.eps>
File: figs/FCalTB_plots/Response_individual_data/Electron_response_40GeV_4H_dat
a_t420.eps Graphic file (type eps)

<figs/FCalTB_plots/Response_individual_data/Electron_response_40GeV_4H_data_t42
0.eps>
File: figs/FCalTB_plots/Response_individual_data/Electron_response_20GeV_4H_dat
a_t420.eps Graphic file (type eps)

<figs/FCalTB_plots/Response_individual_data/Electron_response_20GeV_4H_data_t42
0.eps>
File: figs/FCalTB_plots/Response_individual_data/Electron_response_10GeV_4H_dat
a_t420.eps Graphic file (type eps)

<figs/FCalTB_plots/Response_individual_data/Electron_response_10GeV_4H_data_t42
0.eps>

LaTeX Warning: Float too large for page by 19.18169pt on input line 2225.

File: figs/FCalTB_plots/Response_individual_data/Electron_response_4L_data_nois
evbeam_t420.eps Graphic file (type eps)

<figs/FCalTB_plots/Response_individual_data/Electron_response_4L_data_noisevbea
m_t420.eps>
File: figs/FCalTB_plots/Response_individual_data/Electron_response_4H_data_nois
evbeam_t420.eps Graphic file (type eps)

<figs/FCalTB_plots/Response_individual_data/Electron_response_4H_data_noisevbea
m_t420.eps>
File: figs/FCalTB_plots/electron_linearity_4L_t420.eps Graphic file (type eps)
 <figs/FCalTB_plots/electron_linearity_4L_t420.eps>
File: figs/FCalTB_plots/electron_linearity_4H_t420.eps Graphic file (type eps)

<figs/FCalTB_plots/electron_linearity_4H_t420.eps>
File: figs/FCalTB_plots/electron_linearity_residuals_4L_t420_scale.eps Graphic 
file (type eps)

<figs/FCalTB_plots/electron_linearity_residuals_4L_t420_scale.eps>
File: figs/FCalTB_plots/electron_linearity_residuals_4H_t420_scale.eps Graphic 
file (type eps)

<figs/FCalTB_plots/electron_linearity_residuals_4H_t420_scale.eps> [110]
[111] [112] [113] [114]
File: figs/FCalTB_plots/electron_resolution_4L_t420.eps Graphic file (type eps)

 <figs/FCalTB_plots/electron_resolution_4L_t420.eps>
File: figs/FCalTB_plots/electron_resolution_4H_t420.eps Graphic file (type eps)


<figs/FCalTB_plots/electron_resolution_4H_t420.eps>
Underfull \vbox (badness 10000) has occurred while \output is active []

 [115]
[116]
File: figs/FCalTB_plots/hadron_linearity_4L_EMscale_t420.eps Graphic file (type
 eps)
 <figs/FCalTB_plots/hadron_linearity_4L_EMscale_t420.eps>
File: figs/FCalTB_plots/hadron_linearity_4H_EMscale_t420.eps Graphic file (type
 eps)

<figs/FCalTB_plots/hadron_linearity_4H_EMscale_t420.eps>
Underfull \vbox (badness 3536) has occurred while \output is active []

 [117]
File: figs/FCalTB_plots/weightfigs/weights_4L_t420_g1.eps Graphic file (type ep
s)

<figs/FCalTB_plots/weightfigs/weights_4L_t420_g1.eps>
File: figs/FCalTB_plots/weightfigs/weights_4H_t420_g1.eps Graphic file (type ep
s)

<figs/FCalTB_plots/weightfigs/weights_4H_t420_g1.eps>
File: figs/FCalTB_plots/weightfigs/weights_4L_t420_g2.eps Graphic file (type ep
s)

<figs/FCalTB_plots/weightfigs/weights_4L_t420_g2.eps>
File: figs/FCalTB_plots/weightfigs/weights_4H_t420_g2.eps Graphic file (type ep
s)

<figs/FCalTB_plots/weightfigs/weights_4H_t420_g2.eps>
File: figs/FCalTB_plots/weightfigs/weights_4L_t420_g3.eps Graphic file (type ep
s)

<figs/FCalTB_plots/weightfigs/weights_4L_t420_g3.eps>
File: figs/FCalTB_plots/weightfigs/weights_4H_t420_g3.eps Graphic file (type ep
s)

<figs/FCalTB_plots/weightfigs/weights_4H_t420_g3.eps>
File: figs/FCalTB_plots/Response_individual_data/Pion_response_200GeV_4L_data_t
420.eps Graphic file (type eps)

<figs/FCalTB_plots/Response_individual_data/Pion_response_200GeV_4L_data_t420.e
ps>
File: figs/FCalTB_plots/Response_individual_data/Pion_response_150GeV_4L_data_t
420.eps Graphic file (type eps)

<figs/FCalTB_plots/Response_individual_data/Pion_response_150GeV_4L_data_t420.e
ps>
File: figs/FCalTB_plots/Response_individual_data/Pion_response_120GeV_4L_data_t
420.eps Graphic file (type eps)

<figs/FCalTB_plots/Response_individual_data/Pion_response_120GeV_4L_data_t420.e
ps>
File: figs/FCalTB_plots/Response_individual_data/Pion_response_100GeV_4L_data_t
420.eps Graphic file (type eps)

<figs/FCalTB_plots/Response_individual_data/Pion_response_100GeV_4L_data_t420.e
ps>
File: figs/FCalTB_plots/Response_individual_data/Pion_response_80GeV_4L_data_t4
20.eps Graphic file (type eps)

<figs/FCalTB_plots/Response_individual_data/Pion_response_80GeV_4L_data_t420.ep
s>
File: figs/FCalTB_plots/Response_individual_data/Pion_response_60GeV_4L_data_t4
20.eps Graphic file (type eps)

<figs/FCalTB_plots/Response_individual_data/Pion_response_60GeV_4L_data_t420.ep
s>
File: figs/FCalTB_plots/Response_individual_data/Pion_response_40GeV_4L_data_t4
20.eps Graphic file (type eps)

<figs/FCalTB_plots/Response_individual_data/Pion_response_40GeV_4L_data_t420.ep
s>
File: figs/FCalTB_plots/Response_individual_data/Pion_response_10GeV_4L_data_t4
20.eps Graphic file (type eps)

<figs/FCalTB_plots/Response_individual_data/Pion_response_10GeV_4L_data_t420.ep
s>
File: figs/FCalTB_plots/Response_individual_data/Pion_response_200GeV_4H_data_t
420.eps Graphic file (type eps)

<figs/FCalTB_plots/Response_individual_data/Pion_response_200GeV_4H_data_t420.e
ps>
File: figs/FCalTB_plots/Response_individual_data/Pion_response_150GeV_4H_data_t
420.eps Graphic file (type eps)

<figs/FCalTB_plots/Response_individual_data/Pion_response_150GeV_4H_data_t420.e
ps>
File: figs/FCalTB_plots/Response_individual_data/Pion_response_120GeV_4H_data_t
420.eps Graphic file (type eps)

<figs/FCalTB_plots/Response_individual_data/Pion_response_120GeV_4H_data_t420.e
ps>
File: figs/FCalTB_plots/Response_individual_data/Pion_response_100GeV_4H_data_t
420.eps Graphic file (type eps)

<figs/FCalTB_plots/Response_individual_data/Pion_response_100GeV_4H_data_t420.e
ps>
File: figs/FCalTB_plots/Response_individual_data/Pion_response_80GeV_4H_data_t4
20.eps Graphic file (type eps)

<figs/FCalTB_plots/Response_individual_data/Pion_response_80GeV_4H_data_t420.ep
s>
File: figs/FCalTB_plots/Response_individual_data/Pion_response_60GeV_4H_data_t4
20.eps Graphic file (type eps)

<figs/FCalTB_plots/Response_individual_data/Pion_response_60GeV_4H_data_t420.ep
s>
File: figs/FCalTB_plots/Response_individual_data/Pion_response_40GeV_4H_data_t4
20.eps Graphic file (type eps)

<figs/FCalTB_plots/Response_individual_data/Pion_response_40GeV_4H_data_t420.ep
s>
File: figs/FCalTB_plots/Response_individual_data/Pion_response_10GeV_4H_data_t4
20.eps Graphic file (type eps)

<figs/FCalTB_plots/Response_individual_data/Pion_response_10GeV_4H_data_t420.ep
s>
File: figs/FCalTB_plots/Response_individual_data/Pion_response_noisevbeam_4L_da
ta_t420.eps Graphic file (type eps)

<figs/FCalTB_plots/Response_individual_data/Pion_response_noisevbeam_4L_data_t4
20.eps>
File: figs/FCalTB_plots/Response_individual_data/Pion_response_noisevbeam_4H_da
ta_t420.eps Graphic file (type eps)

<figs/FCalTB_plots/Response_individual_data/Pion_response_noisevbeam_4H_data_t4
20.eps>
Underfull \vbox (badness 10000) has occurred while \output is active []

 [118]
[119] [120] [121]
File: figs/FCalTB_plots/hadron_linearity_4L_t420.eps Graphic file (type eps)
 <figs/FCalTB_plots/hadron_linearity_4L_t420.eps>
File: figs/FCalTB_plots/hadron_linearity_4H_t420.eps Graphic file (type eps)

<figs/FCalTB_plots/hadron_linearity_4H_t420.eps>
File: figs/FCalTB_plots/hadron_resolution_4L_t420.eps Graphic file (type eps)

<figs/FCalTB_plots/hadron_resolution_4L_t420.eps>
File: figs/FCalTB_plots/hadron_resolution_4H_t420.eps Graphic file (type eps)

<figs/FCalTB_plots/hadron_resolution_4H_t420.eps> [122]
Underfull \vbox (badness 1259) has occurred while \output is active []

 [123]
File: figs/shower_axis.eps Graphic file (type eps)

<figs/shower_axis.eps> [124] [125]
Underfull \vbox (badness 10000) has occurred while \output is active []

 [126]
Underfull \vbox (badness 10000) has occurred while \output is active []

 [127]
File: figs/FCalTB_plots/LC_moments/r2_E_4L.eps Graphic file (type eps)

<figs/FCalTB_plots/LC_moments/r2_E_4L.eps>
File: figs/FCalTB_plots/LC_moments/r2_E_4H.eps Graphic file (type eps)

<figs/FCalTB_plots/LC_moments/r2_E_4H.eps>
File: figs/FCalTB_plots/LC_moments/r2_4L.eps Graphic file (type eps)

<figs/FCalTB_plots/LC_moments/r2_4L.eps>
File: figs/FCalTB_plots/LC_moments/r2_4H.eps Graphic file (type eps)

<figs/FCalTB_plots/LC_moments/r2_4H.eps>
File: figs/FCalTB_plots/LC_moments/lambda2_E_4L.eps Graphic file (type eps)

<figs/FCalTB_plots/LC_moments/lambda2_E_4L.eps>
File: figs/FCalTB_plots/LC_moments/lambda2_E_4H.eps Graphic file (type eps)

<figs/FCalTB_plots/LC_moments/lambda2_E_4H.eps>
File: figs/FCalTB_plots/LC_moments/lambda2_4L.eps Graphic file (type eps)

<figs/FCalTB_plots/LC_moments/lambda2_4L.eps>
File: figs/FCalTB_plots/LC_moments/lambda2_4H.eps Graphic file (type eps)

<figs/FCalTB_plots/LC_moments/lambda2_4H.eps>
File: figs/FCalTB_plots/LC_moments/lambdac_E_4L.eps Graphic file (type eps)

<figs/FCalTB_plots/LC_moments/lambdac_E_4L.eps>
File: figs/FCalTB_plots/LC_moments/lambdac_E_4H.eps Graphic file (type eps)

<figs/FCalTB_plots/LC_moments/lambdac_E_4H.eps>
File: figs/FCalTB_plots/LC_moments/lambdac_4L.eps Graphic file (type eps)

<figs/FCalTB_plots/LC_moments/lambdac_4L.eps>
File: figs/FCalTB_plots/LC_moments/lambdac_4H.eps Graphic file (type eps)

<figs/FCalTB_plots/LC_moments/lambdac_4H.eps>
File: figs/FCalTB_plots/LC_moments/Edens_E_4L.eps Graphic file (type eps)

<figs/FCalTB_plots/LC_moments/Edens_E_4L.eps>
File: figs/FCalTB_plots/LC_moments/Edens_E_4H.eps Graphic file (type eps)

<figs/FCalTB_plots/LC_moments/Edens_E_4H.eps>
File: figs/FCalTB_plots/LC_moments/Edens_4L.eps Graphic file (type eps)

<figs/FCalTB_plots/LC_moments/Edens_4L.eps>
File: figs/FCalTB_plots/LC_moments/Edens_4H.eps Graphic file (type eps)

<figs/FCalTB_plots/LC_moments/Edens_4H.eps> [128] [129] [130] [131] [132]
Underfull \vbox (badness 10000) has occurred while \output is active []

 [133

]
[134]) [135]
\openout2 = `input/IncJets.aux'.

 (./input/IncJets.tex
Chapter 5.

Underfull \vbox (badness 7168) has occurred while \output is active []

 [136



]
File: figs/inclusive_results/figs_new/fig_01.eps Graphic file (type eps)

<figs/inclusive_results/figs_new/fig_01.eps> [137] [138]
File: figs/Lumi_2010.eps Graphic file (type eps)
 <figs/Lumi_2010.eps>
Underfull \vbox (badness 10000) has occurred while \output is active []

 [139

]
Underfull \vbox (badness 10000) has occurred while \output is active []

 [140]
File: figs/kt_finding.eps Graphic file (type eps)

<figs/kt_finding.eps>
File: figs/akt_finding.eps Graphic file (type eps)
 <figs/akt_finding.eps> [141]
File: figs/ir_safety.eps Graphic file (type eps)
 <figs/ir_safety.eps>
File: figs/collinear.eps Graphic file (type eps)

<figs/collinear.eps>
Underfull \vbox (badness 1242) has occurred while \output is active []

 [142]
[143] [144] [145] [146] [147]
File: figs/JES_new/fig_22a.eps Graphic file (type eps)
 <figs/JES_new/fig_22a.eps>
File: figs/JES_new/fig_22b.eps Graphic file (type eps)

<figs/JES_new/fig_22b.eps>
File: figs/JES_new/fig_22c.eps Graphic file (type eps)
 <figs/JES_new/fig_22c.eps>

LaTeX Warning: Float too large for page by 30.20526pt on input line 553.

[148] [149] [150] [151] [152]
Underfull \vbox (badness 1024) has occurred while \output is active []

 [153]
Underfull \vbox (badness 10000) has occurred while \output is active []

 [154]
File: figs/L1_triggers_forward_bin_akt4.eps Graphic file (type eps)

<figs/L1_triggers_forward_bin_akt4.eps>
File: figs/L1_triggers_forward_bin_akt6.eps Graphic file (type eps)

<figs/L1_triggers_forward_bin_akt6.eps>
File: figs/L1L2_triggers_forward_binm_akt4.eps Graphic file (type eps)

<figs/L1L2_triggers_forward_binm_akt4.eps>
File: figs/L1L2_triggers_forward_binm_akt6.eps Graphic file (type eps)

<figs/L1L2_triggers_forward_binm_akt6.eps>
File: figs/L1_triggers_transition_bin_akt4.eps Graphic file (type eps)

<figs/L1_triggers_transition_bin_akt4.eps>
File: figs/L1_triggers_transition_bin_akt6.eps Graphic file (type eps)

<figs/L1_triggers_transition_bin_akt6.eps>
File: figs/L1L2_triggers_transition_binm_akt4.eps Graphic file (type eps)

<figs/L1L2_triggers_transition_binm_akt4.eps>
File: figs/L1L2_triggers_transition_binm_akt6.eps Graphic file (type eps)

<figs/L1L2_triggers_transition_binm_akt6.eps> [155] [156] [157]
File: figs/eta_efficiency_akt4.eps Graphic file (type eps)

<figs/eta_efficiency_akt4.eps>
File: figs/eta_efficiency_akt6.eps Graphic file (type eps)
 <figs/eta_efficiency_akt6.eps> [158] [159]
Underfull \vbox (badness 10000) has occurred while \output is active []

 [160]
File: figs/my_dijet/L1_T4.eps Graphic file (type eps)

<figs/my_dijet/L1_T4.eps>
File: figs/my_dijet/L1_T6.eps Graphic file (type eps)
 <figs/my_dijet/L1_T6.eps>
File: figs/my_dijet/L1_F4.eps Graphic file (type eps)
 <figs/my_dijet/L1_F4.eps>
File: figs/my_dijet/L1_F6.eps Graphic file (type eps)

<figs/my_dijet/L1_F6.eps> [161]
Underfull \vbox (badness 10000) has occurred while \output is active []

 [162]
Overfull \hbox (3.37794pt too wide) in paragraph at lines 1026--1027
[]\OT1/cmr/m/n/12 Regularisation is im-ple-mented through the use of a reg-u-la
r-i-sa-tion func-tion, $\OML/cmm/m/it/12 f\OT1/cmr/m/n/12 (^^A\OML/cmm/m/it/12 
x; ^^[; ^^U\OT1/cmr/m/n/12 )$.
 []

[163] [164] [165] [166] [167]
File: figs/inclusive_results/figs_new/fig_08a_cs_systematic_0_03.eps Graphic fi
le (type eps)

<figs/inclusive_results/figs_new/fig_08a_cs_systematic_0_03.eps>
File: figs/inclusive_results/figs_new/fig_08c_cs_systematic_21_28.eps Graphic f
ile (type eps)

<figs/inclusive_results/figs_new/fig_08c_cs_systematic_21_28.eps>
File: figs/inclusive_results/figs_new/fig_08e_cs_systematic_36_44.eps Graphic f
ile (type eps)

<figs/inclusive_results/figs_new/fig_08e_cs_systematic_36_44.eps>
Underfull \vbox (badness 7759) has occurred while \output is active []

 [168]
Underfull \vbox (badness 10000) has occurred while \output is active []

 [169]
File: figs/inclusive_results/figs_new/fig_09_inc_cross_section_akt4.eps Graphic
 file (type eps)

<figs/inclusive_results/figs_new/fig_09_inc_cross_section_akt4.eps>
File: figs/inclusive_results/figs_new/fig_10_inc_cross_section_akt6.eps Graphic
 file (type eps)

<figs/inclusive_results/figs_new/fig_10_inc_cross_section_akt6.eps>
File: figs/inclusive_results/figs_new/fig_12a_inc_ratio_akt4_central.eps Graphi
c file (type eps)

<figs/inclusive_results/figs_new/fig_12a_inc_ratio_akt4_central.eps>
File: figs/inclusive_results/figs_new/fig_12b_inc_ratio_akt4_forawrd.eps Graphi
c file (type eps)

<figs/inclusive_results/figs_new/fig_12b_inc_ratio_akt4_forawrd.eps>
File: figs/inclusive_results/figs_new/fig_12c_inc_ratio_akt6_central.eps Graphi
c file (type eps)

<figs/inclusive_results/figs_new/fig_12c_inc_ratio_akt6_central.eps>
File: figs/inclusive_results/figs_new/fig_12d_inc_ratio_akt6_forward.eps Graphi
c file (type eps)

<figs/inclusive_results/figs_new/fig_12d_inc_ratio_akt6_forward.eps>
File: figs/inclusive_results/figs_new/fig_13a_ratio_powheg_akt4a.eps Graphic fi
le (type eps)

<figs/inclusive_results/figs_new/fig_13a_ratio_powheg_akt4a.eps>
File: figs/inclusive_results/figs_new/fig_13b_ratio_powheg_akt4b.eps Graphic fi
le (type eps)

<figs/inclusive_results/figs_new/fig_13b_ratio_powheg_akt4b.eps>
File: figs/inclusive_results/figs_new/fig_13c_ratio_powheg_akt6a.eps Graphic fi
le (type eps)

<figs/inclusive_results/figs_new/fig_13c_ratio_powheg_akt6a.eps>
File: figs/inclusive_results/figs_new/fig_13d_ratio_powheg_akt6b.eps Graphic fi
le (type eps)

<figs/inclusive_results/figs_new/fig_13d_ratio_powheg_akt6b.eps> [170] [171]
[172] [173] [174]
File: figs/inclusive_results/figs_new/fig_14.eps Graphic file (type eps)
 <figs/inclusive_results/figs_new/fig_14.eps>
Underfull \vbox (badness 3460) has occurred while \output is active []

 [175

]
File: figs/inclusive_results/figs_new/fig_15.eps Graphic file (type eps)

<figs/inclusive_results/figs_new/fig_15.eps>
File: figs/inclusive_results/figs_new/fig_16a.eps Graphic file (type eps)

<figs/inclusive_results/figs_new/fig_16a.eps>
File: figs/inclusive_results/figs_new/fig_16b.eps Graphic file (type eps)

<figs/inclusive_results/figs_new/fig_16b.eps>
File: figs/inclusive_results/figs_new/fig_17a.eps Graphic file (type eps)

<figs/inclusive_results/figs_new/fig_17a.eps>
File: figs/inclusive_results/figs_new/fig_17b.eps Graphic file (type eps)

<figs/inclusive_results/figs_new/fig_17b.eps>
File: figs/inclusive_results/figs_new/fig_18a.eps Graphic file (type eps)

<figs/inclusive_results/figs_new/fig_18a.eps>
File: figs/inclusive_results/figs_new/fig_18b.eps Graphic file (type eps)

<figs/inclusive_results/figs_new/fig_18b.eps>
File: figs/inclusive_results/figs_new/fig_19a.eps Graphic file (type eps)

<figs/inclusive_results/figs_new/fig_19a.eps>
File: figs/inclusive_results/figs_new/fig_19b.eps Graphic file (type eps)

<figs/inclusive_results/figs_new/fig_19b.eps> [176] [177] [178] [179]) [180]
\openout2 = `input/Conclusion.aux'.


(./input/Conclusion.tex
Chapter 6.

Underfull \vbox (badness 10000) has occurred while \output is active []

 [181



])
[182] (./petes_thesis.bbl [183


]
Underfull \hbox (badness 10000) in paragraph at lines 70--72
[]\OT1/cmr/m/n/12 D.  Uni-ver-sity, The Durham Hep-Data Project, April 2013,
 []

[184]
Underfull \hbox (badness 10000) in paragraph at lines 126--128
[]\OT1/cmr/m/n/12 Z.  Nagy, NLO-JET++ home page, July 2012,
 []


Underfull \hbox (badness 3439) in paragraph at lines 143--145
[]\OT1/cmr/m/n/12 M.  Benedikt et al., A walk through the LHC in-jec-tor chain,
 2005,
 []

[185] [186] [187]
Underfull \hbox (badness 10000) in paragraph at lines 294--297
[]\OT1/cmr/m/n/12 U.  Sch^^?afer and S.  Sil-ver-stein, AT-LAS level-1 Calorime
-ter
 []


Underfull \hbox (badness 10000) in paragraph at lines 294--297
\OT1/cmr/m/n/12 Trig-ger Jet/Energy Mod-ule Project Spec-i-fi-ca-tion, Oc-to-be
r 2012,
 []

[188] [189] [190] [191] [192]
Underfull \hbox (badness 4132) in paragraph at lines 558--561
[]\OT1/cmr/m/n/12 V.  Len-der-mann et al.  \OT1/cmr/m/it/12 Com-bin-ing Trig-ge
rs in HEP Data Anal-y-sis\OT1/cmr/m/n/12 ,
 []

) [193]
\openout2 = `input/append_MCresults.aux'.

 (./input/append_MCresults.tex
Appendix A.
File: figs/FCalTB_plots/Response_individual_MC/Pion_response_4L_200GeV_MC_QGSP.
eps Graphic file (type eps)

<figs/FCalTB_plots/Response_individual_MC/Pion_response_4L_200GeV_MC_QGSP.eps>
File: figs/FCalTB_plots/Response_individual_MC/Pion_response_4L_150GeV_MC_QGSP.
eps Graphic file (type eps)

<figs/FCalTB_plots/Response_individual_MC/Pion_response_4L_150GeV_MC_QGSP.eps>
File: figs/FCalTB_plots/Response_individual_MC/Pion_response_4L_120GeV_MC_QGSP.
eps Graphic file (type eps)

<figs/FCalTB_plots/Response_individual_MC/Pion_response_4L_120GeV_MC_QGSP.eps>
File: figs/FCalTB_plots/Response_individual_MC/Pion_response_4L_100GeV_MC_QGSP.
eps Graphic file (type eps)

<figs/FCalTB_plots/Response_individual_MC/Pion_response_4L_100GeV_MC_QGSP.eps>
File: figs/FCalTB_plots/Response_individual_MC/Pion_response_4L_80GeV_MC_QGSP.e
ps Graphic file (type eps)

<figs/FCalTB_plots/Response_individual_MC/Pion_response_4L_80GeV_MC_QGSP.eps>
File: figs/FCalTB_plots/Response_individual_MC/Pion_response_4L_60GeV_MC_QGSP.e
ps Graphic file (type eps)

<figs/FCalTB_plots/Response_individual_MC/Pion_response_4L_60GeV_MC_QGSP.eps>
File: figs/FCalTB_plots/Response_individual_MC/Pion_response_4L_40GeV_MC_QGSP.e
ps Graphic file (type eps)

<figs/FCalTB_plots/Response_individual_MC/Pion_response_4L_40GeV_MC_QGSP.eps>
File: figs/FCalTB_plots/Response_individual_MC/Pion_response_4L_10GeV_MC_QGSP.e
ps Graphic file (type eps)

<figs/FCalTB_plots/Response_individual_MC/Pion_response_4L_10GeV_MC_QGSP.eps>
File: figs/FCalTB_plots/Response_individual_MC/Pion_response_4H_200GeV_MC_QGSP.
eps Graphic file (type eps)

<figs/FCalTB_plots/Response_individual_MC/Pion_response_4H_200GeV_MC_QGSP.eps>
File: figs/FCalTB_plots/Response_individual_MC/Pion_response_4H_150GeV_MC_QGSP.
eps Graphic file (type eps)

<figs/FCalTB_plots/Response_individual_MC/Pion_response_4H_150GeV_MC_QGSP.eps>
File: figs/FCalTB_plots/Response_individual_MC/Pion_response_4H_120GeV_MC_QGSP.
eps Graphic file (type eps)

<figs/FCalTB_plots/Response_individual_MC/Pion_response_4H_120GeV_MC_QGSP.eps>
File: figs/FCalTB_plots/Response_individual_MC/Pion_response_4H_100GeV_MC_QGSP.
eps Graphic file (type eps)

<figs/FCalTB_plots/Response_individual_MC/Pion_response_4H_100GeV_MC_QGSP.eps>
File: figs/FCalTB_plots/Response_individual_MC/Pion_response_4H_80GeV_MC_QGSP.e
ps Graphic file (type eps)

<figs/FCalTB_plots/Response_individual_MC/Pion_response_4H_80GeV_MC_QGSP.eps>
File: figs/FCalTB_plots/Response_individual_MC/Pion_response_4H_60GeV_MC_QGSP.e
ps Graphic file (type eps)

<figs/FCalTB_plots/Response_individual_MC/Pion_response_4H_60GeV_MC_QGSP.eps>
File: figs/FCalTB_plots/Response_individual_MC/Pion_response_4H_40GeV_MC_QGSP.e
ps Graphic file (type eps)

<figs/FCalTB_plots/Response_individual_MC/Pion_response_4H_40GeV_MC_QGSP.eps>
File: figs/FCalTB_plots/Response_individual_MC/Pion_response_4H_10GeV_MC_QGSP.e
ps Graphic file (type eps)

<figs/FCalTB_plots/Response_individual_MC/Pion_response_4H_10GeV_MC_QGSP.eps>
File: figs/FCalTB_plots/Response_individual_MC/Pion_response_4L_200GeV_MC_QGSP_
HP.eps Graphic file (type eps)

<figs/FCalTB_plots/Response_individual_MC/Pion_response_4L_200GeV_MC_QGSP_HP.ep
s>
File: figs/FCalTB_plots/Response_individual_MC/Pion_response_4L_150GeV_MC_QGSP_
HP.eps Graphic file (type eps)

<figs/FCalTB_plots/Response_individual_MC/Pion_response_4L_150GeV_MC_QGSP_HP.ep
s>
File: figs/FCalTB_plots/Response_individual_MC/Pion_response_4L_120GeV_MC_QGSP_
HP.eps Graphic file (type eps)

<figs/FCalTB_plots/Response_individual_MC/Pion_response_4L_120GeV_MC_QGSP_HP.ep
s>
File: figs/FCalTB_plots/Response_individual_MC/Pion_response_4L_100GeV_MC_QGSP_
HP.eps Graphic file (type eps)

<figs/FCalTB_plots/Response_individual_MC/Pion_response_4L_100GeV_MC_QGSP_HP.ep
s>
File: figs/FCalTB_plots/Response_individual_MC/Pion_response_4L_80GeV_MC_QGSP_H
P.eps Graphic file (type eps)

<figs/FCalTB_plots/Response_individual_MC/Pion_response_4L_80GeV_MC_QGSP_HP.eps
>
File: figs/FCalTB_plots/Response_individual_MC/Pion_response_4L_60GeV_MC_QGSP_H
P.eps Graphic file (type eps)

<figs/FCalTB_plots/Response_individual_MC/Pion_response_4L_60GeV_MC_QGSP_HP.eps
>
File: figs/FCalTB_plots/Response_individual_MC/Pion_response_4L_40GeV_MC_QGSP_H
P.eps Graphic file (type eps)

<figs/FCalTB_plots/Response_individual_MC/Pion_response_4L_40GeV_MC_QGSP_HP.eps
>
File: figs/FCalTB_plots/Response_individual_MC/Pion_response_4L_10GeV_MC_QGSP_H
P.eps Graphic file (type eps)

<figs/FCalTB_plots/Response_individual_MC/Pion_response_4L_10GeV_MC_QGSP_HP.eps
>
File: figs/FCalTB_plots/Response_individual_MC/Pion_response_4H_200GeV_MC_QGSP_
HP.eps Graphic file (type eps)

<figs/FCalTB_plots/Response_individual_MC/Pion_response_4H_200GeV_MC_QGSP_HP.ep
s>
File: figs/FCalTB_plots/Response_individual_MC/Pion_response_4H_150GeV_MC_QGSP_
HP.eps Graphic file (type eps)

<figs/FCalTB_plots/Response_individual_MC/Pion_response_4H_150GeV_MC_QGSP_HP.ep
s>
File: figs/FCalTB_plots/Response_individual_MC/Pion_response_4H_120GeV_MC_QGSP_
HP.eps Graphic file (type eps)

<figs/FCalTB_plots/Response_individual_MC/Pion_response_4H_120GeV_MC_QGSP_HP.ep
s>
File: figs/FCalTB_plots/Response_individual_MC/Pion_response_4H_100GeV_MC_QGSP_
HP.eps Graphic file (type eps)

<figs/FCalTB_plots/Response_individual_MC/Pion_response_4H_100GeV_MC_QGSP_HP.ep
s>
File: figs/FCalTB_plots/Response_individual_MC/Pion_response_4H_80GeV_MC_QGSP_H
P.eps Graphic file (type eps)

<figs/FCalTB_plots/Response_individual_MC/Pion_response_4H_80GeV_MC_QGSP_HP.eps
>
File: figs/FCalTB_plots/Response_individual_MC/Pion_response_4H_60GeV_MC_QGSP_H
P.eps Graphic file (type eps)

<figs/FCalTB_plots/Response_individual_MC/Pion_response_4H_60GeV_MC_QGSP_HP.eps
>
File: figs/FCalTB_plots/Response_individual_MC/Pion_response_4H_40GeV_MC_QGSP_H
P.eps Graphic file (type eps)

<figs/FCalTB_plots/Response_individual_MC/Pion_response_4H_40GeV_MC_QGSP_HP.eps
>
File: figs/FCalTB_plots/Response_individual_MC/Pion_response_4H_10GeV_MC_QGSP_H
P.eps Graphic file (type eps)

<figs/FCalTB_plots/Response_individual_MC/Pion_response_4H_10GeV_MC_QGSP_HP.eps
>
File: figs/FCalTB_plots/Response_individual_MC/Pion_response_4L_200GeV_MC_FTFP.
eps Graphic file (type eps)

<figs/FCalTB_plots/Response_individual_MC/Pion_response_4L_200GeV_MC_FTFP.eps>
File: figs/FCalTB_plots/Response_individual_MC/Pion_response_4L_150GeV_MC_FTFP.
eps Graphic file (type eps)

<figs/FCalTB_plots/Response_individual_MC/Pion_response_4L_150GeV_MC_FTFP.eps>
File: figs/FCalTB_plots/Response_individual_MC/Pion_response_4L_120GeV_MC_FTFP.
eps Graphic file (type eps)

<figs/FCalTB_plots/Response_individual_MC/Pion_response_4L_120GeV_MC_FTFP.eps>
File: figs/FCalTB_plots/Response_individual_MC/Pion_response_4L_100GeV_MC_FTFP.
eps Graphic file (type eps)

<figs/FCalTB_plots/Response_individual_MC/Pion_response_4L_100GeV_MC_FTFP.eps>
File: figs/FCalTB_plots/Response_individual_MC/Pion_response_4L_80GeV_MC_FTFP.e
ps Graphic file (type eps)

<figs/FCalTB_plots/Response_individual_MC/Pion_response_4L_80GeV_MC_FTFP.eps>
File: figs/FCalTB_plots/Response_individual_MC/Pion_response_4L_60GeV_MC_FTFP.e
ps Graphic file (type eps)

<figs/FCalTB_plots/Response_individual_MC/Pion_response_4L_60GeV_MC_FTFP.eps>
File: figs/FCalTB_plots/Response_individual_MC/Pion_response_4L_40GeV_MC_FTFP.e
ps Graphic file (type eps)

<figs/FCalTB_plots/Response_individual_MC/Pion_response_4L_40GeV_MC_FTFP.eps>
File: figs/FCalTB_plots/Response_individual_MC/Pion_response_4L_10GeV_MC_FTFP.e
ps Graphic file (type eps)

<figs/FCalTB_plots/Response_individual_MC/Pion_response_4L_10GeV_MC_FTFP.eps>
File: figs/FCalTB_plots/Response_individual_MC/Pion_response_4H_200GeV_MC_FTFP.
eps Graphic file (type eps)

<figs/FCalTB_plots/Response_individual_MC/Pion_response_4H_200GeV_MC_FTFP.eps>
File: figs/FCalTB_plots/Response_individual_MC/Pion_response_4H_150GeV_MC_FTFP.
eps Graphic file (type eps)

<figs/FCalTB_plots/Response_individual_MC/Pion_response_4H_150GeV_MC_FTFP.eps>
File: figs/FCalTB_plots/Response_individual_MC/Pion_response_4H_120GeV_MC_FTFP.
eps Graphic file (type eps)

<figs/FCalTB_plots/Response_individual_MC/Pion_response_4H_120GeV_MC_FTFP.eps>
File: figs/FCalTB_plots/Response_individual_MC/Pion_response_4H_100GeV_MC_FTFP.
eps Graphic file (type eps)

<figs/FCalTB_plots/Response_individual_MC/Pion_response_4H_100GeV_MC_FTFP.eps>
File: figs/FCalTB_plots/Response_individual_MC/Pion_response_4H_80GeV_MC_FTFP.e
ps Graphic file (type eps)

<figs/FCalTB_plots/Response_individual_MC/Pion_response_4H_80GeV_MC_FTFP.eps>
File: figs/FCalTB_plots/Response_individual_MC/Pion_response_4H_60GeV_MC_FTFP.e
ps Graphic file (type eps)

<figs/FCalTB_plots/Response_individual_MC/Pion_response_4H_60GeV_MC_FTFP.eps>
File: figs/FCalTB_plots/Response_individual_MC/Pion_response_4H_40GeV_MC_FTFP.e
ps Graphic file (type eps)

<figs/FCalTB_plots/Response_individual_MC/Pion_response_4H_40GeV_MC_FTFP.eps>
File: figs/FCalTB_plots/Response_individual_MC/Pion_response_4H_10GeV_MC_FTFP.e
ps Graphic file (type eps)

<figs/FCalTB_plots/Response_individual_MC/Pion_response_4H_10GeV_MC_FTFP.eps>
[194


] [195] [196] [197] [198] [199] [200]
File: figs/FCalTB_plots/Response_individual_MC/Pion_response_4L_200GeV_MC_QGSP_
t420.eps Graphic file (type eps)

<figs/FCalTB_plots/Response_individual_MC/Pion_response_4L_200GeV_MC_QGSP_t420.
eps>
File: figs/FCalTB_plots/Response_individual_MC/Pion_response_4L_150GeV_MC_QGSP_
t420.eps Graphic file (type eps)

<figs/FCalTB_plots/Response_individual_MC/Pion_response_4L_150GeV_MC_QGSP_t420.
eps>
File: figs/FCalTB_plots/Response_individual_MC/Pion_response_4L_120GeV_MC_QGSP_
t420.eps Graphic file (type eps)

<figs/FCalTB_plots/Response_individual_MC/Pion_response_4L_120GeV_MC_QGSP_t420.
eps>
File: figs/FCalTB_plots/Response_individual_MC/Pion_response_4L_100GeV_MC_QGSP_
t420.eps Graphic file (type eps)

<figs/FCalTB_plots/Response_individual_MC/Pion_response_4L_100GeV_MC_QGSP_t420.
eps>
File: figs/FCalTB_plots/Response_individual_MC/Pion_response_4L_80GeV_MC_QGSP_t
420.eps Graphic file (type eps)

<figs/FCalTB_plots/Response_individual_MC/Pion_response_4L_80GeV_MC_QGSP_t420.e
ps>
File: figs/FCalTB_plots/Response_individual_MC/Pion_response_4L_60GeV_MC_QGSP_t
420.eps Graphic file (type eps)

<figs/FCalTB_plots/Response_individual_MC/Pion_response_4L_60GeV_MC_QGSP_t420.e
ps>
File: figs/FCalTB_plots/Response_individual_MC/Pion_response_4L_40GeV_MC_QGSP_t
420.eps Graphic file (type eps)

<figs/FCalTB_plots/Response_individual_MC/Pion_response_4L_40GeV_MC_QGSP_t420.e
ps>
File: figs/FCalTB_plots/Response_individual_MC/Pion_response_4L_10GeV_MC_QGSP_t
420.eps Graphic file (type eps)

<figs/FCalTB_plots/Response_individual_MC/Pion_response_4L_10GeV_MC_QGSP_t420.e
ps>
File: figs/FCalTB_plots/Response_individual_MC/Pion_response_4H_200GeV_MC_QGSP_
t420.eps Graphic file (type eps)

<figs/FCalTB_plots/Response_individual_MC/Pion_response_4H_200GeV_MC_QGSP_t420.
eps>
File: figs/FCalTB_plots/Response_individual_MC/Pion_response_4H_150GeV_MC_QGSP_
t420.eps Graphic file (type eps)

<figs/FCalTB_plots/Response_individual_MC/Pion_response_4H_150GeV_MC_QGSP_t420.
eps>
File: figs/FCalTB_plots/Response_individual_MC/Pion_response_4H_120GeV_MC_QGSP_
t420.eps Graphic file (type eps)

<figs/FCalTB_plots/Response_individual_MC/Pion_response_4H_120GeV_MC_QGSP_t420.
eps>
File: figs/FCalTB_plots/Response_individual_MC/Pion_response_4H_100GeV_MC_QGSP_
t420.eps Graphic file (type eps)

<figs/FCalTB_plots/Response_individual_MC/Pion_response_4H_100GeV_MC_QGSP_t420.
eps>
File: figs/FCalTB_plots/Response_individual_MC/Pion_response_4H_80GeV_MC_QGSP_t
420.eps Graphic file (type eps)

<figs/FCalTB_plots/Response_individual_MC/Pion_response_4H_80GeV_MC_QGSP_t420.e
ps>
File: figs/FCalTB_plots/Response_individual_MC/Pion_response_4H_60GeV_MC_QGSP_t
420.eps Graphic file (type eps)

<figs/FCalTB_plots/Response_individual_MC/Pion_response_4H_60GeV_MC_QGSP_t420.e
ps>
File: figs/FCalTB_plots/Response_individual_MC/Pion_response_4H_40GeV_MC_QGSP_t
420.eps Graphic file (type eps)

<figs/FCalTB_plots/Response_individual_MC/Pion_response_4H_40GeV_MC_QGSP_t420.e
ps>
File: figs/FCalTB_plots/Response_individual_MC/Pion_response_4H_10GeV_MC_QGSP_t
420.eps Graphic file (type eps)

<figs/FCalTB_plots/Response_individual_MC/Pion_response_4H_10GeV_MC_QGSP_t420.e
ps>
File: figs/FCalTB_plots/Response_individual_MC/Pion_response_4L_200GeV_MC_QGSP_
HP_t420.eps Graphic file (type eps)

<figs/FCalTB_plots/Response_individual_MC/Pion_response_4L_200GeV_MC_QGSP_HP_t4
20.eps>
File: figs/FCalTB_plots/Response_individual_MC/Pion_response_4L_150GeV_MC_QGSP_
HP_t420.eps Graphic file (type eps)

<figs/FCalTB_plots/Response_individual_MC/Pion_response_4L_150GeV_MC_QGSP_HP_t4
20.eps>
File: figs/FCalTB_plots/Response_individual_MC/Pion_response_4L_120GeV_MC_QGSP_
HP_t420.eps Graphic file (type eps)

<figs/FCalTB_plots/Response_individual_MC/Pion_response_4L_120GeV_MC_QGSP_HP_t4
20.eps>
File: figs/FCalTB_plots/Response_individual_MC/Pion_response_4L_100GeV_MC_QGSP_
HP_t420.eps Graphic file (type eps)

<figs/FCalTB_plots/Response_individual_MC/Pion_response_4L_100GeV_MC_QGSP_HP_t4
20.eps>
File: figs/FCalTB_plots/Response_individual_MC/Pion_response_4L_80GeV_MC_QGSP_H
P_t420.eps Graphic file (type eps)

<figs/FCalTB_plots/Response_individual_MC/Pion_response_4L_80GeV_MC_QGSP_HP_t42
0.eps>
File: figs/FCalTB_plots/Response_individual_MC/Pion_response_4L_60GeV_MC_QGSP_H
P_t420.eps Graphic file (type eps)

<figs/FCalTB_plots/Response_individual_MC/Pion_response_4L_60GeV_MC_QGSP_HP_t42
0.eps>
File: figs/FCalTB_plots/Response_individual_MC/Pion_response_4L_40GeV_MC_QGSP_H
P_t420.eps Graphic file (type eps)

<figs/FCalTB_plots/Response_individual_MC/Pion_response_4L_40GeV_MC_QGSP_HP_t42
0.eps>
File: figs/FCalTB_plots/Response_individual_MC/Pion_response_4L_10GeV_MC_QGSP_H
P_t420.eps Graphic file (type eps)

<figs/FCalTB_plots/Response_individual_MC/Pion_response_4L_10GeV_MC_QGSP_HP_t42
0.eps>
File: figs/FCalTB_plots/Response_individual_MC/Pion_response_4H_200GeV_MC_QGSP_
HP_t420.eps Graphic file (type eps)

<figs/FCalTB_plots/Response_individual_MC/Pion_response_4H_200GeV_MC_QGSP_HP_t4
20.eps>
File: figs/FCalTB_plots/Response_individual_MC/Pion_response_4H_150GeV_MC_QGSP_
HP_t420.eps Graphic file (type eps)

<figs/FCalTB_plots/Response_individual_MC/Pion_response_4H_150GeV_MC_QGSP_HP_t4
20.eps>
File: figs/FCalTB_plots/Response_individual_MC/Pion_response_4H_120GeV_MC_QGSP_
HP_t420.eps Graphic file (type eps)

<figs/FCalTB_plots/Response_individual_MC/Pion_response_4H_120GeV_MC_QGSP_HP_t4
20.eps>
File: figs/FCalTB_plots/Response_individual_MC/Pion_response_4H_100GeV_MC_QGSP_
HP_t420.eps Graphic file (type eps)

<figs/FCalTB_plots/Response_individual_MC/Pion_response_4H_100GeV_MC_QGSP_HP_t4
20.eps>
File: figs/FCalTB_plots/Response_individual_MC/Pion_response_4H_80GeV_MC_QGSP_H
P_t420.eps Graphic file (type eps)

<figs/FCalTB_plots/Response_individual_MC/Pion_response_4H_80GeV_MC_QGSP_HP_t42
0.eps>
File: figs/FCalTB_plots/Response_individual_MC/Pion_response_4H_60GeV_MC_QGSP_H
P_t420.eps Graphic file (type eps)

<figs/FCalTB_plots/Response_individual_MC/Pion_response_4H_60GeV_MC_QGSP_HP_t42
0.eps>
File: figs/FCalTB_plots/Response_individual_MC/Pion_response_4H_40GeV_MC_QGSP_H
P_t420.eps Graphic file (type eps)

<figs/FCalTB_plots/Response_individual_MC/Pion_response_4H_40GeV_MC_QGSP_HP_t42
0.eps>
File: figs/FCalTB_plots/Response_individual_MC/Pion_response_4H_10GeV_MC_QGSP_H
P_t420.eps Graphic file (type eps)

<figs/FCalTB_plots/Response_individual_MC/Pion_response_4H_10GeV_MC_QGSP_HP_t42
0.eps>
File: figs/FCalTB_plots/Response_individual_MC/Pion_response_4L_200GeV_MC_FTFP_
t420.eps Graphic file (type eps)

<figs/FCalTB_plots/Response_individual_MC/Pion_response_4L_200GeV_MC_FTFP_t420.
eps>
File: figs/FCalTB_plots/Response_individual_MC/Pion_response_4L_150GeV_MC_FTFP_
t420.eps Graphic file (type eps)

<figs/FCalTB_plots/Response_individual_MC/Pion_response_4L_150GeV_MC_FTFP_t420.
eps>
File: figs/FCalTB_plots/Response_individual_MC/Pion_response_4L_120GeV_MC_FTFP_
t420.eps Graphic file (type eps)

<figs/FCalTB_plots/Response_individual_MC/Pion_response_4L_120GeV_MC_FTFP_t420.
eps>
File: figs/FCalTB_plots/Response_individual_MC/Pion_response_4L_100GeV_MC_FTFP_
t420.eps Graphic file (type eps)

<figs/FCalTB_plots/Response_individual_MC/Pion_response_4L_100GeV_MC_FTFP_t420.
eps>
File: figs/FCalTB_plots/Response_individual_MC/Pion_response_4L_80GeV_MC_FTFP_t
420.eps Graphic file (type eps)

<figs/FCalTB_plots/Response_individual_MC/Pion_response_4L_80GeV_MC_FTFP_t420.e
ps>
File: figs/FCalTB_plots/Response_individual_MC/Pion_response_4L_60GeV_MC_FTFP_t
420.eps Graphic file (type eps)

<figs/FCalTB_plots/Response_individual_MC/Pion_response_4L_60GeV_MC_FTFP_t420.e
ps>
File: figs/FCalTB_plots/Response_individual_MC/Pion_response_4L_40GeV_MC_FTFP_t
420.eps Graphic file (type eps)

<figs/FCalTB_plots/Response_individual_MC/Pion_response_4L_40GeV_MC_FTFP_t420.e
ps>
File: figs/FCalTB_plots/Response_individual_MC/Pion_response_4L_10GeV_MC_FTFP_t
420.eps Graphic file (type eps)

<figs/FCalTB_plots/Response_individual_MC/Pion_response_4L_10GeV_MC_FTFP_t420.e
ps>
File: figs/FCalTB_plots/Response_individual_MC/Pion_response_4H_200GeV_MC_FTFP_
t420.eps Graphic file (type eps)

<figs/FCalTB_plots/Response_individual_MC/Pion_response_4H_200GeV_MC_FTFP_t420.
eps>
File: figs/FCalTB_plots/Response_individual_MC/Pion_response_4H_150GeV_MC_FTFP_
t420.eps Graphic file (type eps)

<figs/FCalTB_plots/Response_individual_MC/Pion_response_4H_150GeV_MC_FTFP_t420.
eps>
File: figs/FCalTB_plots/Response_individual_MC/Pion_response_4H_120GeV_MC_FTFP_
t420.eps Graphic file (type eps)

<figs/FCalTB_plots/Response_individual_MC/Pion_response_4H_120GeV_MC_FTFP_t420.
eps>
File: figs/FCalTB_plots/Response_individual_MC/Pion_response_4H_100GeV_MC_FTFP_
t420.eps Graphic file (type eps)

<figs/FCalTB_plots/Response_individual_MC/Pion_response_4H_100GeV_MC_FTFP_t420.
eps>
File: figs/FCalTB_plots/Response_individual_MC/Pion_response_4H_80GeV_MC_FTFP_t
420.eps Graphic file (type eps)

<figs/FCalTB_plots/Response_individual_MC/Pion_response_4H_80GeV_MC_FTFP_t420.e
ps>
File: figs/FCalTB_plots/Response_individual_MC/Pion_response_4H_60GeV_MC_FTFP_t
420.eps Graphic file (type eps)

<figs/FCalTB_plots/Response_individual_MC/Pion_response_4H_60GeV_MC_FTFP_t420.e
ps>
File: figs/FCalTB_plots/Response_individual_MC/Pion_response_4H_40GeV_MC_FTFP_t
420.eps Graphic file (type eps)

<figs/FCalTB_plots/Response_individual_MC/Pion_response_4H_40GeV_MC_FTFP_t420.e
ps>
File: figs/FCalTB_plots/Response_individual_MC/Pion_response_4H_10GeV_MC_FTFP.e
ps Graphic file (type eps)

<figs/FCalTB_plots/Response_individual_MC/Pion_response_4H_10GeV_MC_FTFP.eps>)
[201

] [202] [203] [204] [205] [206] [207]
\openout2 = `input/append_dataMCweights.aux'.

 (./input/append_dataMCweights.tex
Appendix B.
File: figs/FCalTB_plots/hadron_linearity_4L_dataMCweights.eps Graphic file (typ
e eps)
<figs/FCalTB_plots/hadron_linearity_4L_dataMCweights.eps>
File: figs/FCalTB_plots/hadron_linearity_4H_dataMCweights.eps Graphic file (typ
e eps)

<figs/FCalTB_plots/hadron_linearity_4H_dataMCweights.eps>
File: figs/FCalTB_plots/hadron_linearity_4L_t420_dataMCweights.eps Graphic file
 (type eps)

<figs/FCalTB_plots/hadron_linearity_4L_t420_dataMCweights.eps>
File: figs/FCalTB_plots/hadron_linearity_4H_t420_dataMCweights.eps Graphic file
 (type eps)

<figs/FCalTB_plots/hadron_linearity_4H_t420_dataMCweights.eps>) [208



]
Overfull \hbox (4.6813pt too wide) has occurred while \output is active
\OT1/cmr/m/sc/12 Appendix B.  Data Calibrated using Weights Derived from Monte 
Carlo \OT1/cmr/m/n/12 209
 []

[209]
Package atveryend Info: Empty hook `BeforeClearDocument' on input line 360.
Package atveryend Info: Empty hook `AfterLastShipout' on input line 360.
 (./petes_thesis.aux (./input/Introduction.aux) (./input/qcd.aux)
(./input/Detector.aux) (./input/FCALTB_chap.aux) (./input/IncJets.aux)
(./input/Conclusion.aux) (./input/append_MCresults.aux)
(./input/append_dataMCweights.aux))
Package atveryend Info: Empty hook `AtVeryEndDocument' on input line 360.
Package atveryend Info: Executing hook `AtEndAfterFileList' on input line 360.
Package rerunfilecheck Info: File `petes_thesis.out' has not changed.
(rerunfilecheck)             Checksum: 990E5A9E781512C9059B7A11EBB36277;4903.


LaTeX Warning: There were multiply-defined labels.

Package atveryend Info: Empty hook `AtVeryVeryEnd' on input line 360.
 ) 
Here is how much of TeX's memory you used:
 8836 strings out of 495060
 153009 string characters out of 3182052
 249170 words of memory out of 3000000
 11456 multiletter control sequences out of 15000+200000
 16540 words of font info for 65 fonts, out of 3000000 for 9000
 14 hyphenation exceptions out of 8191
 36i,11n,48p,2863b,572s stack positions out of 5000i,500n,10000p,200000b,50000s

Output written on petes_thesis.dvi (221 pages, 995480 bytes).
